#
# There is insufficient memory for the Java Runtime Environment to continue.
# Native memory allocation (malloc) failed to allocate 98336 bytes for Chunk::new
# Possible reasons:
#   The system is out of physical RAM or swap space
#   In 32 bit mode, the process size limit was hit
# Possible solutions:
#   Reduce memory load on the system
#   Increase physical memory or swap space
#   Check if swap backing store is full
#   Use 64 bit Java on a 64 bit OS
#   Decrease Java heap size (-Xmx/-Xms)
#   Decrease number of Java threads
#   Decrease Java thread stack sizes (-Xss)
#   Set larger code cache with -XX:ReservedCodeCacheSize=
# This output file may be truncated or incomplete.
#
#  Out of Memory Error (allocation.cpp:390), pid=1936, tid=5972
#
# JRE version: Java(TM) SE Runtime Environment (8.0_77-b03) (build 1.8.0_77-b03)
# Java VM: Java HotSpot(TM) 64-Bit Server VM (25.77-b03 mixed mode windows-amd64 compressed oops)
# Failed to write core dump. Minidumps are not enabled by default on client versions of Windows
#

---------------  T H R E A D  ---------------

Current thread (0x0000000059ca2000):  JavaThread "C2 CompilerThread0" daemon [_thread_in_native, id=5972, stack(0x000000005a500000,0x000000005a600000)]

Stack: [0x000000005a500000,0x000000005a600000]
[error occurred during error reporting (printing stack bounds), id 0xc0000005]

Native frames: (J=compiled Java code, j=interpreted, Vv=VM code, C=native code)


Current CompileTask:
C2:   7155 2156 %     4       org.springframework.boot.bind.DefaultPropertyNamePatternsMatcher::matches @ 78 (226 bytes)


---------------  P R O C E S S  ---------------

Java Threads: ( => current thread )
  0x0000000059d35800 JavaThread "Service Thread" daemon [_thread_blocked, id=4436, stack(0x000000005aac0000,0x000000005abc0000)]
  0x0000000059d07000 JavaThread "C1 CompilerThread2" daemon [_thread_blocked, id=3448, stack(0x000000005a920000,0x000000005aa20000)]
  0x0000000059ca6800 JavaThread "C2 CompilerThread1" daemon [_thread_blocked, id=5024, stack(0x000000005a6f0000,0x000000005a7f0000)]
=>0x0000000059ca2000 JavaThread "C2 CompilerThread0" daemon [_thread_in_native, id=5972, stack(0x000000005a500000,0x000000005a600000)]
  0x0000000059c2c000 JavaThread "Monitor Ctrl-Break" daemon [_thread_in_native, id=1608, stack(0x000000005a2a0000,0x000000005a3a0000)]
  0x000000005929b000 JavaThread "Attach Listener" daemon [_thread_blocked, id=5160, stack(0x0000000059890000,0x0000000059990000)]
  0x0000000059283800 JavaThread "Signal Dispatcher" daemon [_thread_blocked, id=2496, stack(0x00000000596c0000,0x00000000597c0000)]
  0x0000000059270800 JavaThread "Finalizer" daemon [_thread_blocked, id=1492, stack(0x0000000058ed0000,0x0000000058fd0000)]
  0x0000000057834800 JavaThread "Reference Handler" daemon [_thread_blocked, id=5284, stack(0x0000000059130000,0x0000000059230000)]
  0x0000000002482000 JavaThread "main" [_thread_in_native, id=2212, stack(0x0000000002750000,0x0000000002850000)]

Other Threads:
  0x000000005782d000 VMThread [stack: 0x0000000058ff0000,0x00000000590f0000] [id=2336]
  0x0000000059d67800 WatcherThread [stack: 0x000000005a3d0000,0x000000005a4d0000] [id=5888]

VM state:not at safepoint (normal execution)

VM Mutex/Monitor currently owned by a thread: None

Heap:
 PSYoungGen      total 71680K, used 25674K [0x00000000d5580000, 0x00000000da080000, 0x0000000100000000)
  eden space 66560K, 38% used [0x00000000d5580000,0x00000000d6e92830,0x00000000d9680000)
  from space 5120K, 0% used [0x00000000d9680000,0x00000000d9680000,0x00000000d9b80000)
  to   space 5120K, 0% used [0x00000000d9b80000,0x00000000d9b80000,0x00000000da080000)
 ParOldGen       total 60928K, used 6531K [0x0000000080000000, 0x0000000083b80000, 0x00000000d5580000)
  object space 60928K, 10% used [0x0000000080000000,0x0000000080660e10,0x0000000083b80000)
 Metaspace       used 21758K, capacity 22138K, committed 22448K, reserved 1069056K
  class space    used 2675K, capacity 2784K, committed 2816K, reserved 1048576K

Card table byte_map: [0x0000000011c10000,0x0000000012020000] byte_map_base: 0x0000000011810000

Marking Bits: (ParMarkBitMap*) 0x0000000066f20600
 Begin Bits: [0x0000000012a40000, 0x0000000014a40000)
 End Bits:   [0x0000000014a40000, 0x0000000016a40000)

Polling page: 0x0000000000230000

CodeCache: size=245760Kb used=7490Kb max_used=7501Kb free=238269Kb
 bounds [0x0000000002850000, 0x0000000002fb0000, 0x0000000011850000]
 total_blobs=2541 nmethods=2165 adapters=290
 compilation: enabled

Compilation events (10 events):
Event: 7.137 Thread 0x0000000059ca6800 2154       4       java.lang.AbstractStringBuilder::append (50 bytes)
Event: 7.137 Thread 0x0000000059d07000 2152       1       org.hibernate.validator.internal.metadata.raw.AbstractConstrainedElement::getConstraints (5 bytes)
Event: 7.137 Thread 0x0000000059d07000 nmethod 2152 0x0000000002f9c390 code [0x0000000002f9c4e0, 0x0000000002f9c5f0]
Event: 7.137 Thread 0x0000000059ca2000 2156 %     4       org.springframework.boot.bind.DefaultPropertyNamePatternsMatcher::matches @ 78 (226 bytes)
Event: 7.137 Thread 0x0000000059d07000 2155       3       java.lang.Character::valueOf (21 bytes)
Event: 7.137 Thread 0x0000000059d07000 nmethod 2155 0x0000000002f9c650 code [0x0000000002f9c7c0, 0x0000000002f9ca70]
Event: 7.137 Thread 0x0000000059d07000 2151       1       org.hibernate.validator.internal.metadata.raw.AbstractConstrainedElement::unwrapMode (5 bytes)
Event: 7.138 Thread 0x0000000059d07000 nmethod 2151 0x0000000002f9cbd0 code [0x0000000002f9cd20, 0x0000000002f9ce30]
Event: 7.138 Thread 0x0000000059d07000 2149   !   3       java.lang.Class::getSimpleBinaryName (38 bytes)
Event: 7.138 Thread 0x0000000059d07000 nmethod 2149 0x0000000002f9ce90 code [0x0000000002f9d060, 0x0000000002f9d828]

GC Heap History (10 events):
Event: 3.322 GC heap before
{Heap before GC invocations=2 (full 0):
 PSYoungGen      total 38400K, used 37090K [0x00000000d5580000, 0x00000000da080000, 0x0000000100000000)
  eden space 33280K, 100% used [0x00000000d5580000,0x00000000d7600000,0x00000000d7600000)
  from space 5120K, 74% used [0x00000000d7600000,0x00000000d79b89f8,0x00000000d7b00000)
  to   space 5120K, 0% used [0x00000000d9b80000,0x00000000d9b80000,0x00000000da080000)
 ParOldGen       total 87552K, used 8K [0x0000000080000000, 0x0000000085580000, 0x00000000d5580000)
  object space 87552K, 0% used [0x0000000080000000,0x0000000080002000,0x0000000085580000)
 Metaspace       used 9303K, capacity 9428K, committed 9728K, reserved 1058816K
  class space    used 1143K, capacity 1176K, committed 1280K, reserved 1048576K
Event: 3.332 GC heap after
Heap after GC invocations=2 (full 0):
 PSYoungGen      total 71680K, used 4428K [0x00000000d5580000, 0x00000000da080000, 0x0000000100000000)
  eden space 66560K, 0% used [0x00000000d5580000,0x00000000d5580000,0x00000000d9680000)
  from space 5120K, 86% used [0x00000000d9b80000,0x00000000d9fd3040,0x00000000da080000)
  to   space 5120K, 0% used [0x00000000d9680000,0x00000000d9680000,0x00000000d9b80000)
 ParOldGen       total 87552K, used 16K [0x0000000080000000, 0x0000000085580000, 0x00000000d5580000)
  object space 87552K, 0% used [0x0000000080000000,0x0000000080004000,0x0000000085580000)
 Metaspace       used 9303K, capacity 9428K, committed 9728K, reserved 1058816K
  class space    used 1143K, capacity 1176K, committed 1280K, reserved 1048576K
}
Event: 4.311 GC heap before
{Heap before GC invocations=3 (full 0):
 PSYoungGen      total 71680K, used 70988K [0x00000000d5580000, 0x00000000da080000, 0x0000000100000000)
  eden space 66560K, 100% used [0x00000000d5580000,0x00000000d9680000,0x00000000d9680000)
  from space 5120K, 86% used [0x00000000d9b80000,0x00000000d9fd3040,0x00000000da080000)
  to   space 5120K, 0% used [0x00000000d9680000,0x00000000d9680000,0x00000000d9b80000)
 ParOldGen       total 87552K, used 16K [0x0000000080000000, 0x0000000085580000, 0x00000000d5580000)
  object space 87552K, 0% used [0x0000000080000000,0x0000000080004000,0x0000000085580000)
 Metaspace       used 14472K, capacity 14650K, committed 14848K, reserved 1062912K
  class space    used 1749K, capacity 1785K, committed 1792K, reserved 1048576K
Event: 4.320 GC heap after
Heap after GC invocations=3 (full 0):
 PSYoungGen      total 71680K, used 5110K [0x00000000d5580000, 0x00000000da080000, 0x0000000100000000)
  eden space 66560K, 0% used [0x00000000d5580000,0x00000000d5580000,0x00000000d9680000)
  from space 5120K, 99% used [0x00000000d9680000,0x00000000d9b7dbc8,0x00000000d9b80000)
  to   space 5120K, 0% used [0x00000000d9b80000,0x00000000d9b80000,0x00000000da080000)
 ParOldGen       total 87552K, used 2823K [0x0000000080000000, 0x0000000085580000, 0x00000000d5580000)
  object space 87552K, 3% used [0x0000000080000000,0x00000000802c1d08,0x0000000085580000)
 Metaspace       used 14472K, capacity 14650K, committed 14848K, reserved 1062912K
  class space    used 1749K, capacity 1785K, committed 1792K, reserved 1048576K
}
Event: 5.606 GC heap before
{Heap before GC invocations=4 (full 0):
 PSYoungGen      total 71680K, used 71670K [0x00000000d5580000, 0x00000000da080000, 0x0000000100000000)
  eden space 66560K, 100% used [0x00000000d5580000,0x00000000d9680000,0x00000000d9680000)
  from space 5120K, 99% used [0x00000000d9680000,0x00000000d9b7dbc8,0x00000000d9b80000)
  to   space 5120K, 0% used [0x00000000d9b80000,0x00000000d9b80000,0x00000000da080000)
 ParOldGen       total 87552K, used 2823K [0x0000000080000000, 0x0000000085580000, 0x00000000d5580000)
  object space 87552K, 3% used [0x0000000080000000,0x00000000802c1d08,0x0000000085580000)
 Metaspace       used 19674K, capacity 19978K, committed 20096K, reserved 1067008K
  class space    used 2374K, capacity 2432K, committed 2432K, reserved 1048576K
Event: 5.994 GC heap after
Heap after GC invocations=4 (full 0):
 PSYoungGen      total 71680K, used 5095K [0x00000000d5580000, 0x00000000da080000, 0x0000000100000000)
  eden space 66560K, 0% used [0x00000000d5580000,0x00000000d5580000,0x00000000d9680000)
  from space 5120K, 99% used [0x00000000d9b80000,0x00000000da079c08,0x00000000da080000)
  to   space 5120K, 0% used [0x00000000d9680000,0x00000000d9680000,0x00000000d9b80000)
 ParOldGen       total 87552K, used 5456K [0x0000000080000000, 0x0000000085580000, 0x00000000d5580000)
  object space 87552K, 6% used [0x0000000080000000,0x0000000080554110,0x0000000085580000)
 Metaspace       used 19674K, capacity 19978K, committed 20096K, reserved 1067008K
  class space    used 2374K, capacity 2432K, committed 2432K, reserved 1048576K
}
Event: 6.284 GC heap before
{Heap before GC invocations=5 (full 0):
 PSYoungGen      total 71680K, used 24331K [0x00000000d5580000, 0x00000000da080000, 0x0000000100000000)
  eden space 66560K, 28% used [0x00000000d5580000,0x00000000d68490d0,0x00000000d9680000)
  from space 5120K, 99% used [0x00000000d9b80000,0x00000000da079c08,0x00000000da080000)
  to   space 5120K, 0% used [0x00000000d9680000,0x00000000d9680000,0x00000000d9b80000)
 ParOldGen       total 87552K, used 5456K [0x0000000080000000, 0x0000000085580000, 0x00000000d5580000)
  object space 87552K, 6% used [0x0000000080000000,0x0000000080554110,0x0000000085580000)
 Metaspace       used 20835K, capacity 21140K, committed 21296K, reserved 1069056K
  class space    used 2541K, capacity 2623K, committed 2688K, reserved 1048576K
Event: 6.303 GC heap after
Heap after GC invocations=5 (full 0):
 PSYoungGen      total 71680K, used 5110K [0x00000000d5580000, 0x00000000da080000, 0x0000000100000000)
  eden space 66560K, 0% used [0x00000000d5580000,0x00000000d5580000,0x00000000d9680000)
  from space 5120K, 99% used [0x00000000d9680000,0x00000000d9b7dbf8,0x00000000d9b80000)
  to   space 5120K, 0% used [0x00000000d9b80000,0x00000000d9b80000,0x00000000da080000)
 ParOldGen       total 87552K, used 6338K [0x0000000080000000, 0x0000000085580000, 0x00000000d5580000)
  object space 87552K, 7% used [0x0000000080000000,0x00000000806309a8,0x0000000085580000)
 Metaspace       used 20835K, capacity 21140K, committed 21296K, reserved 1069056K
  class space    used 2541K, capacity 2623K, committed 2688K, reserved 1048576K
}
Event: 6.303 GC heap before
{Heap before GC invocations=6 (full 1):
 PSYoungGen      total 71680K, used 5110K [0x00000000d5580000, 0x00000000da080000, 0x0000000100000000)
  eden space 66560K, 0% used [0x00000000d5580000,0x00000000d5580000,0x00000000d9680000)
  from space 5120K, 99% used [0x00000000d9680000,0x00000000d9b7dbf8,0x00000000d9b80000)
  to   space 5120K, 0% used [0x00000000d9b80000,0x00000000d9b80000,0x00000000da080000)
 ParOldGen       total 87552K, used 6338K [0x0000000080000000, 0x0000000085580000, 0x00000000d5580000)
  object space 87552K, 7% used [0x0000000080000000,0x00000000806309a8,0x0000000085580000)
 Metaspace       used 20835K, capacity 21140K, committed 21296K, reserved 1069056K
  class space    used 2541K, capacity 2623K, committed 2688K, reserved 1048576K
Event: 6.780 GC heap after
Heap after GC invocations=6 (full 1):
 PSYoungGen      total 71680K, used 0K [0x00000000d5580000, 0x00000000da080000, 0x0000000100000000)
  eden space 66560K, 0% used [0x00000000d5580000,0x00000000d5580000,0x00000000d9680000)
  from space 5120K, 0% used [0x00000000d9680000,0x00000000d9680000,0x00000000d9b80000)
  to   space 5120K, 0% used [0x00000000d9b80000,0x00000000d9b80000,0x00000000da080000)
 ParOldGen       total 60928K, used 6531K [0x0000000080000000, 0x0000000083b80000, 0x00000000d5580000)
  object space 60928K, 10% used [0x0000000080000000,0x0000000080660e10,0x0000000083b80000)
 Metaspace       used 20835K, capacity 21140K, committed 21296K, reserved 1069056K
  class space    used 2541K, capacity 2623K, committed 2688K, reserved 1048576K
}

Deoptimization events (10 events):
Event: 6.923 Thread 0x0000000002482000 Uncommon trap: reason=unstable_if action=reinterpret pc=0x0000000002c75674 method=java.util.concurrent.ConcurrentHashMap.get(Ljava/lang/Object;)Ljava/lang/Object; @ 76
Event: 6.936 Thread 0x0000000002482000 Uncommon trap: reason=bimorphic action=maybe_recompile pc=0x0000000002bcb7b4 method=java.util.HashMap.putVal(ILjava/lang/Object;Ljava/lang/Object;ZZ)Ljava/lang/Object; @ 203
Event: 6.938 Thread 0x0000000002482000 Uncommon trap: reason=bimorphic action=maybe_recompile pc=0x0000000002bcb7b4 method=java.util.HashMap.putVal(ILjava/lang/Object;Ljava/lang/Object;ZZ)Ljava/lang/Object; @ 203
Event: 6.938 Thread 0x0000000002482000 Uncommon trap: reason=bimorphic action=maybe_recompile pc=0x0000000002b45108 method=java.util.HashMap.putVal(ILjava/lang/Object;Ljava/lang/Object;ZZ)Ljava/lang/Object; @ 203
Event: 6.993 Thread 0x0000000002482000 Uncommon trap: reason=unstable_if action=reinterpret pc=0x0000000002a70cc8 method=java.lang.AbstractStringBuilder.append(Ljava/lang/String;)Ljava/lang/AbstractStringBuilder; @ 1
Event: 6.997 Thread 0x0000000002482000 Uncommon trap: reason=unstable_if action=reinterpret pc=0x0000000002a56534 method=java.lang.AbstractStringBuilder.append(Ljava/lang/String;)Ljava/lang/AbstractStringBuilder; @ 1
Event: 7.014 Thread 0x0000000002482000 Uncommon trap: reason=unstable_if action=reinterpret pc=0x0000000002e51bc4 method=java.lang.reflect.Method.equals(Ljava/lang/Object;)Z @ 1
Event: 7.021 Thread 0x0000000002482000 Uncommon trap: reason=unstable_if action=reinterpret pc=0x0000000002bb04b4 method=org.springframework.boot.bind.DefaultPropertyNamePatternsMatcher.matches(Ljava/lang/String;)Z @ 213
Event: 7.022 Thread 0x0000000002482000 Uncommon trap: reason=unstable_if action=reinterpret pc=0x0000000002bac284 method=org.springframework.boot.bind.DefaultPropertyNamePatternsMatcher.matches(Ljava/lang/String;)Z @ 112
Event: 7.115 Thread 0x0000000002482000 Uncommon trap: reason=bimorphic action=maybe_recompile pc=0x0000000002f7c730 method=java.util.HashMap.putVal(ILjava/lang/Object;Ljava/lang/Object;ZZ)Ljava/lang/Object; @ 253

Internal exceptions (10 events):
Event: 7.034 Thread 0x0000000002482000 Exception <a 'java/lang/ClassNotFoundException': org/springframework/cloud/config/client/ConfigClientProperties$DiscoveryCustomizer> (0x00000000d6802cc0) thrown at [D:\re\workspace\8-2-build-windows-amd64-cygwin\jdk8u77\6540\hotspot\src\share\vm\classfile\+.@€RF@
Event: 7.069 Thread 0x0000000002482000 Exception <a 'java/lang/ClassNotFoundException': java/lang/ObjectCustomizer> (0x00000000d693b680) thrown at [D:\re\workspace\8-2-build-windows-amd64-cygwin\jdk8u77\6540\hotspot\src\share\vm\classfile\systemDictionary.cpp, line 210]
Event: 7.071 Thread 0x0000000002482000 Exception <a 'java/lang/ClassNotFoundException': org/springframework/cloud/config/client/ConfigServicePropertySourceLocatorCustomizer> (0x00000000d6973af8) thrown at [D:\re\workspace\8-2-build-windows-amd64-cygwin\jdk8u77\6540\hotspot\src\share\vm\classfilºLO0K@
Event: 7.073 Thread 0x0000000002482000 Exception <a 'java/lang/ClassNotFoundException': org/springframework/cloud/bootstrap/config/PropertySourceLocatorCustomizer> (0x00000000d69a8080) thrown at [D:\re\workspace\8-2-build-windows-amd64-cygwin\jdk8u77\6540\hotspot\src\share\vm\classfile\systemDi
Event: 7.116 Thread 0x0000000002482000 Exception <a 'java/lang/ClassNotFoundException': java/lang/ObjectCustomizer> (0x00000000d6b0d6f8) thrown at [D:\re\workspace\8-2-build-windows-amd64-cygwin\jdk8u77\6540\hotspot\src\share\vm\classfile\systemDictionary.cpp, line 210]
Event: 7.118 Thread 0x0000000002482000 Exception <a 'java/lang/ClassNotFoundException': org/springframework/cloud/bootstrap/encrypt/EncryptionBootstrapConfigurationCustomizer> (0x00000000d6b46698) thrown at [D:\re\workspace\8-2-build-windows-amd64-cygwin\jdk8u77\6540\hotspot\src\share\vm\classfä±èy{@
Event: 7.120 Thread 0x0000000002482000 Exception <a 'java/lang/ClassNotFoundException': org/springframework/cloud/bootstrap/encrypt/EncryptionBootstrapConfiguration$$EnhancerBySpringCGLIB$$14851079Customizer> (0x00000000d6b8dab8) thrown at [D:\re\workspace\8-2-build-windows-amd64-cygwin\jdk8u77Ë_i{y}@
Event: 7.123 Thread 0x0000000002482000 Exception <a 'java/lang/ClassNotFoundException': org/springframework/context/annotation/ConfigurationClassEnhancer$EnhancedConfigurationCustomizer> (0x00000000d6bcf538) thrown at [D:\re\workspace\8-2-build-windows-amd64-cygwin\jdk8u77\6540\hotspot\src\sharž@¿û‚@
Event: 7.128 Thread 0x0000000002482000 Exception <a 'java/lang/ClassNotFoundException': java/lang/ObjectCustomizer> (0x00000000d6be9540) thrown at [D:\re\workspace\8-2-build-windows-amd64-cygwin\jdk8u77\6540\hotspot\src\share\vm\classfile\systemDictionary.cpp, line 210]
Event: 7.130 Thread 0x0000000002482000 Exception <a 'java/lang/ClassNotFoundException': org/springframework/cloud/bootstrap/encrypt/KeyPropertiesCustomizer> (0x00000000d6c19f10) thrown at [D:\re\workspace\8-2-build-windows-amd64-cygwin\jdk8u77\6540\hotspot\src\share\vm\classfile\systemDictionarÂ=Žê‡"@

Events (10 events):
Event: 7.127 loading class java/lang/ObjectCustomizer
Event: 7.127 loading class java/lang/ObjectCustomizer done
Event: 7.128 loading class java/lang/ObjectCustomizer
Event: 7.128 loading class java/lang/ObjectCustomizer done
Event: 7.128 loading class org/springframework/cloud/bootstrap/encrypt/KeyPropertiesCustomizer
Event: 7.128 loading class org/springframework/cloud/bootstrap/encrypt/KeyPropertiesCustomizer done
Event: 7.129 loading class org/springframework/cloud/bootstrap/encrypt/KeyPropertiesCustomizer
Event: 7.129 loading class org/springframework/cloud/bootstrap/encrypt/KeyPropertiesCustomizer done
Event: 7.130 loading class org/springframework/cloud/bootstrap/encrypt/KeyPropertiesCustomizer
Event: 7.130 loading class org/springframework/cloud/bootstrap/encrypt/KeyPropertiesCustomizer done


Dynamic libraries:
0x000000013f930000 - 0x000000013f967000 	C:\Program Files\jdk1.8.0_77\bin\java.exe
0x0000000077780000 - 0x0000000077929000 	C:\Windows\SYSTEM32\ntdll.dll
0x0000000077660000 - 0x000000007777f000 	C:\Windows\system32\kernel32.dll
0x000007fefd780000 - 0x000007fefd7eb000 	C:\Windows\system32\KERNELBASE.dll
0x000007feff650000 - 0x000007feff72b000 	C:\Windows\system32\ADVAPI32.dll
0x000007feff560000 - 0x000007feff5ff000 	C:\Windows\system32\msvcrt.dll
0x000007fefdf50000 - 0x000007fefdf6f000 	C:\Windows\SYSTEM32\sechost.dll
0x000007fefdce0000 - 0x000007fefde0d000 	C:\Windows\system32\RPCRT4.dll
0x0000000077560000 - 0x000000007765a000 	C:\Windows\system32\USER32.dll
0x000007fefe3e0000 - 0x000007fefe447000 	C:\Windows\system32\GDI32.dll
0x000007feff730000 - 0x000007feff73e000 	C:\Windows\system32\LPK.dll
0x000007feff740000 - 0x000007feff809000 	C:\Windows\system32\USP10.dll
0x000007fefc190000 - 0x000007fefc384000 	C:\Windows\WinSxS\amd64_microsoft.windows.common-controls_6595b64144ccf1df_6.0.7601.17514_none_fa396087175ac9ac\COMCTL32.dll
0x000007fefde30000 - 0x000007fefdea1000 	C:\Windows\system32\SHLWAPI.dll
0x000007fefdfd0000 - 0x000007fefdffe000 	C:\Windows\system32\IMM32.DLL
0x000007fefdbd0000 - 0x000007fefdcd9000 	C:\Windows\system32\MSCTF.dll
0x0000000066fa0000 - 0x0000000067072000 	C:\Program Files\jdk1.8.0_77\jre\bin\msvcr100.dll
0x0000000066710000 - 0x0000000066fa0000 	C:\Program Files\jdk1.8.0_77\jre\bin\server\jvm.dll
0x000007fefc0c0000 - 0x000007fefc0c9000 	C:\Windows\system32\WSOCK32.dll
0x000007feff600000 - 0x000007feff64d000 	C:\Windows\system32\WS2_32.dll
0x000007feff470000 - 0x000007feff478000 	C:\Windows\system32\NSI.dll
0x000007fefa210000 - 0x000007fefa24b000 	C:\Windows\system32\WINMM.dll
0x000007fefc820000 - 0x000007fefc82c000 	C:\Windows\system32\VERSION.dll
0x0000000077940000 - 0x0000000077947000 	C:\Windows\system32\PSAPI.DLL
0x0000000072fc0000 - 0x0000000072fcf000 	C:\Program Files\jdk1.8.0_77\jre\bin\verify.dll
0x00000000666e0000 - 0x0000000066709000 	C:\Program Files\jdk1.8.0_77\jre\bin\java.dll
0x0000000066620000 - 0x0000000066643000 	C:\Program Files\jdk1.8.0_77\jre\bin\instrument.dll
0x00000000666c0000 - 0x00000000666d6000 	C:\Program Files\jdk1.8.0_77\jre\bin\zip.dll
0x000007fefe450000 - 0x000007feff1d8000 	C:\Windows\system32\SHELL32.dll
0x000007feff1e0000 - 0x000007feff3e3000 	C:\Windows\system32\ole32.dll
0x000007fefd6d0000 - 0x000007fefd6df000 	C:\Windows\system32\profapi.dll
0x000007fefc020000 - 0x000007fefc03a000 	C:\Program Files\JetBrains\IntelliJ IDEA Community Edition 2017.3.1\bin\breakgen64.dll
0x00000000666a0000 - 0x00000000666ba000 	C:\Program Files\jdk1.8.0_77\jre\bin\net.dll
0x000007fefcf00000 - 0x000007fefcf55000 	C:\Windows\system32\mswsock.dll
0x000007fefcef0000 - 0x000007fefcef7000 	C:\Windows\System32\wship6.dll
0x000007fefb610000 - 0x000007fefb637000 	C:\Windows\system32\IPHLPAPI.DLL
0x000007fefb600000 - 0x000007fefb60b000 	C:\Windows\system32\WINNSI.DLL
0x000007fefb420000 - 0x000007fefb431000 	C:\Windows\system32\dhcpcsvc6.DLL
0x000007fefb3a0000 - 0x000007fefb3b8000 	C:\Windows\system32\dhcpcsvc.DLL
0x000007fefcd80000 - 0x000007fefcddb000 	C:\Windows\system32\DNSAPI.dll
0x000007fefc8f0000 - 0x000007fefc8f7000 	C:\Windows\System32\wshtcpip.dll
0x000007fefa680000 - 0x000007fefa688000 	C:\Windows\system32\rasadhlp.dll
0x000007fefb4b0000 - 0x000007fefb503000 	C:\Windows\System32\fwpuclnt.dll
0x000000006dbc0000 - 0x000000006dbcd000 	C:\Program Files\jdk1.8.0_77\jre\bin\management.dll
0x000007fefb920000 - 0x000007fefb935000 	C:\Windows\system32\NLAapi.dll
0x000007fefa660000 - 0x000007fefa675000 	C:\Windows\system32\napinsp.dll
0x000007fefa640000 - 0x000007fefa659000 	C:\Windows\system32\pnrpnsp.dll
0x000007fefa610000 - 0x000007fefa61b000 	C:\Windows\System32\winrnr.dll
0x0000000066680000 - 0x0000000066691000 	C:\Program Files\jdk1.8.0_77\jre\bin\nio.dll

VM Arguments:
jvm_args: -javaagent:C:\Program Files\JetBrains\IntelliJ IDEA Community Edition 2017.3.1\lib\idea_rt.jar=52755:C:\Program Files\JetBrains\IntelliJ IDEA Community Edition 2017.3.1\bin -Dfile.encoding=UTF-8 
java_command: com.sxun.server.platform.service.cms.CMSApplication
java_class_path (initial): C:\Program Files\jdk1.8.0_77\jre\lib\charsets.jar;C:\Program Files\jdk1.8.0_77\jre\lib\deploy.jar;C:\Program Files\jdk1.8.0_77\jre\lib\ext\access-bridge-64.jar;C:\Program Files\jdk1.8.0_77\jre\lib\ext\cldrdata.jar;C:\Program Files\jdk1.8.0_77\jre\lib\ext\dnsns.jar;C:\Program Files\jdk1.8.0_77\jre\lib\ext\jaccess.jar;C:\Program Files\jdk1.8.0_77\jre\lib\ext\jfxrt.jar;C:\Program Files\jdk1.8.0_77\jre\lib\ext\localedata.jar;C:\Program Files\jdk1.8.0_77\jre\lib\ext\nashorn.jar;C:\Program Files\jdk1.8.0_77\jre\lib\ext\sunec.jar;C:\Program Files\jdk1.8.0_77\jre\lib\ext\sunjce_provider.jar;C:\Program Files\jdk1.8.0_77\jre\lib\ext\sunmscapi.jar;C:\Program Files\jdk1.8.0_77\jre\lib\ext\sunpkcs11.jar;C:\Program Files\jdk1.8.0_77\jre\lib\ext\zipfs.jar;C:\Program Files\jdk1.8.0_77\jre\lib\javaws.jar;C:\Program Files\jdk1.8.0_77\jre\lib\jce.jar;C:\Program Files\jdk1.8.0_77\jre\lib\jfr.jar;C:\Program Files\jdk1.8.0_77\jre\lib\jfxswt.jar;C:\Program Files\jdk1.8.0_77\jre\lib\jsse.jar;C:\Program Files\jdk1.8.0_77\jre\lib\management-agent.jar;C:\Program Files\jdk1.8.0_77\jre\lib\plugin.jar;C:\Program Files\jdk1.8.0_77\jre\lib\resources.jar;C:\Program Files\jdk1.8.0_77\jre\lib\rt.jar;C:\Users\admin\Desktop\xiaxiangfuwu\service-cms\target\classes;C:\Users\admin\.m2\repository\org\springframework\cloud\spring-cloud-starter-eureka\1.3.2.RELEASE\spring-cloud-starter-eureka-1.3.2.RELEASE.jar;C:\Users\admin\.m2\repository\org\springframework\cloud\spring-cloud-starter\1.2.3.RELEASE\spring-cloud-starter-1.2.3.RELEASE.jar;C:\Users\admin\.m2\repository\org\springframework\cloud\spring-cloud-context\1.2.3.RELEASE\spring-cloud-context-1.2.3.RELEASE.jar;C:\Users\admin\.m2\repository\org\springframework\security\spring-security-crypto\4.2.3.RELEASE\spring-security-crypto-4.2.3.RELEASE.jar;C:\Users\admin\.m2\repository\org\springframework\cloud\spring-cloud-commons\1.2.3.RELEASE\spring-cloud-commons-1.2.3.RELEASE.jar;C:\Users\admin\.m2\repository\org\springframework\sec
Launcher Type: SUN_STANDARD

Environment Variables:
JAVA_HOME=C:\Program Files\jdk1.8.0_77
CLASSPATH=.;C:\Program Files\jdk1.8.0_77\lib\dt.jar;C:\Program Files\jdk1.8.0_77\lib\tools.jar
PATH=C:\Program Files\jdk1.8.0_77\bin;C:\Program Files\jdk1.8.0_77\jre\bin;C:\Program Files\MySQL\MySQL Server 5.7\bin;C:\Program Files\MySQL\MySQL Utilities 1.6\;C:\Program Files\Git\cmd
USERNAME=admin
OS=Windows_NT
PROCESSOR_IDENTIFIER=Intel64 Family 6 Model 44 Stepping 2, GenuineIntel



---------------  S Y S T E M  ---------------

OS: Windows 7 , 64 bit Build 7601 (6.1.7601.17514)

CPU:total 6 (8 cores per cpu, 1 threads per core) family 6 model 44 stepping 2, cmov, cx8, fxsr, mmx, sse, sse2, sse3, ssse3, sse4.1, sse4.2, popcnt, aes, clmul, tsc

Memory: 4k page, physical 8388088k(1799908k free), swap 8386244k(4980k free)

vm_info: Java HotSpot(TM) 64-Bit Server VM (25.77-b03) for windows-amd64 JRE (1.8.0_77-b03), built on Mar 20 2016 22:01:33 by "java_re" with MS VC++ 10.0 (VS2010)

time: Wed Dec 20 07:27:22 2017
elapsed time: 7 seconds (0d 0h 0m 7s)

