#
# There is insufficient memory for the Java Runtime Environment to continue.
# Native memory allocation (malloc) failed to allocate 187312 bytes for Chunk::new
# Possible reasons:
#   The system is out of physical RAM or swap space
#   In 32 bit mode, the process size limit was hit
# Possible solutions:
#   Reduce memory load on the system
#   Increase physical memory or swap space
#   Check if swap backing store is full
#   Use 64 bit Java on a 64 bit OS
#   Decrease Java heap size (-Xmx/-Xms)
#   Decrease Integer of Java threads
#   Decrease Java thread stack sizes (-Xss)
#   Set larger code cache with -XX:ReservedCodeCacheSize=
# This output file may be truncated or incomplete.
#
#  Out of Memory Error (allocation.cpp:390), pid=5356, tid=7096
#
# JRE version: Java(TM) SE Runtime Environment (8.0_77-b03) (build 1.8.0_77-b03)
# Java VM: Java HotSpot(TM) 64-Bit Server VM (25.77-b03 mixed mode windows-amd64 compressed oops)
# Failed to write core dump. Minidumps are not enabled by default on client versions of Windows
#

---------------  T H R E A D  ---------------

Current thread (0x00000000592e4000):  JavaThread "C2 CompilerThread0" daemon [_thread_in_native, id=7096, stack(0x0000000059c80000,0x0000000059d80000)]

Stack: [0x0000000059c80000,0x0000000059d80000]
[error occurred during error reporting (printing stack bounds), id 0xc0000005]

Native frames: (J=compiled Java code, j=interpreted, Vv=VM code, C=native code)


Current CompileTask:
C2:3203816 9512   !   4       java.io.ObjectStreamClass::readNonProxy (407 bytes)


---------------  P R O C E S S  ---------------

Java Threads: ( => current thread )
  0x000000005e151800 JavaThread "AsyncResolver-bootstrap-executor-0" daemon [_thread_blocked, id=1492, stack(0x000000006cb30000,0x000000006cc30000)]
  0x000000005e151000 JavaThread "HystrixTimer-6" daemon [_thread_blocked, id=5892, stack(0x000000006c820000,0x000000006c920000)]
  0x000000005e150000 JavaThread "HystrixTimer-5" daemon [_thread_blocked, id=5676, stack(0x000000006c950000,0x000000006ca50000)]
  0x000000005e14f800 JavaThread "HystrixTimer-4" daemon [_thread_blocked, id=5448, stack(0x000000006c5e0000,0x000000006c6e0000)]
  0x000000005e14e800 JavaThread "HystrixTimer-3" daemon [_thread_blocked, id=7000, stack(0x000000006b5a0000,0x000000006b6a0000)]
  0x000000005e14e000 JavaThread "HystrixTimer-2" daemon [_thread_blocked, id=6684, stack(0x000000006c710000,0x000000006c810000)]
  0x000000005e14d000 JavaThread "RxComputationScheduler-5" daemon [_thread_blocked, id=6288, stack(0x0000000069b20000,0x0000000069c20000)]
  0x000000005e14c000 JavaThread "RxComputationScheduler-4" daemon [_thread_blocked, id=3120, stack(0x000000006c4a0000,0x000000006c5a0000)]
  0x000000005e14b800 JavaThread "RxComputationScheduler-3" daemon [_thread_blocked, id=5200, stack(0x000000006c2a0000,0x000000006c3a0000)]
  0x000000005f003000 JavaThread "RxComputationScheduler-2" daemon [_thread_blocked, id=6928, stack(0x000000006c160000,0x000000006c260000)]
  0x000000005f002000 JavaThread "PollingServerListUpdater-1" daemon [_thread_blocked, id=6424, stack(0x00000000694a0000,0x00000000695a0000)]
  0x000000005f001800 JavaThread "HystrixTimer-1" daemon [_thread_blocked, id=4796, stack(0x000000006bf60000,0x000000006c060000)]
  0x000000005f000800 JavaThread "RxComputationScheduler-1" daemon [_thread_blocked, id=3616, stack(0x000000006bbb0000,0x000000006bcb0000)]
  0x000000005f000000 JavaThread "RxScheduledExecutorPool-2" daemon [_thread_blocked, id=6588, stack(0x000000006b9e0000,0x000000006bae0000)]
  0x000000005efff000 JavaThread "RxScheduledExecutorPool-1" daemon [_thread_blocked, id=6204, stack(0x000000006b830000,0x000000006b930000)]
  0x000000005effe800 JavaThread "DataPublisher" daemon [_thread_blocked, id=5560, stack(0x000000006b190000,0x000000006b290000)]
  0x000000005effd800 JavaThread "PollingServerListUpdater-0" daemon [_thread_blocked, id=6948, stack(0x000000006a740000,0x000000006a840000)]
  0x000000005effd000 JavaThread "NFLoadBalancer-PingTimer-sxun-service-cms" daemon [_thread_blocked, id=6068, stack(0x000000006b6a0000,0x000000006b7a0000)]
  0x000000005effc000 JavaThread "expiringMap-0" daemon [_thread_blocked, id=6604, stack(0x000000006b2a0000,0x000000006b3a0000)]
  0x000000005effb800 JavaThread "DiscoveryClient-2" daemon [_thread_blocked, id=2388, stack(0x000000006b050000,0x000000006b150000)]
  0x000000005effa800 JavaThread "DiscoveryClient-HeartbeatExecutor-0" daemon [_thread_blocked, id=7156, stack(0x000000006af50000,0x000000006b050000)]
  0x000000005effa000 JavaThread "DiscoveryClient-CacheRefreshExecutor-0" daemon [_thread_blocked, id=7108, stack(0x0000000069c20000,0x0000000069d20000)]
  0x000000005eff9000 JavaThread "DestroyJavaVM" [_thread_blocked, id=6796, stack(0x0000000002850000,0x0000000002950000)]
  0x000000005eff8800 JavaThread "http-nio-8203-AsyncTimeout" daemon [_thread_blocked, id=5592, stack(0x000000006ae00000,0x000000006af00000)]
  0x000000005eff7800 JavaThread "http-nio-8203-Acceptor-0" daemon [_thread_in_native, id=1044, stack(0x000000006aad0000,0x000000006abd0000)]
  0x000000005eff7000 JavaThread "http-nio-8203-ClientPoller-1" daemon [_thread_in_native, id=3252, stack(0x000000006ac40000,0x000000006ad40000)]
  0x000000005eff6000 JavaThread "http-nio-8203-ClientPoller-0" daemon [_thread_in_native, id=5808, stack(0x000000006a990000,0x000000006aa90000)]
  0x000000005eff5800 JavaThread "http-nio-8203-exec-10" daemon [_thread_blocked, id=4472, stack(0x00000000681b0000,0x00000000682b0000)]
  0x000000005eff4800 JavaThread "http-nio-8203-exec-9" daemon [_thread_blocked, id=2860, stack(0x0000000066e20000,0x0000000066f20000)]
  0x000000005eff4000 JavaThread "http-nio-8203-exec-8" daemon [_thread_blocked, id=6132, stack(0x000000006a840000,0x000000006a940000)]
  0x000000005c375000 JavaThread "http-nio-8203-exec-7" daemon [_thread_blocked, id=260, stack(0x000000006a4d0000,0x000000006a5d0000)]
  0x000000005c374800 JavaThread "http-nio-8203-exec-6" daemon [_thread_blocked, id=5244, stack(0x000000006a610000,0x000000006a710000)]
  0x000000005c373800 JavaThread "http-nio-8203-exec-5" daemon [_thread_blocked, id=5796, stack(0x000000006a3c0000,0x000000006a4c0000)]
  0x000000005c373000 JavaThread "http-nio-8203-exec-4" daemon [_thread_blocked, id=3752, stack(0x000000006a270000,0x000000006a370000)]
  0x000000005c372000 JavaThread "http-nio-8203-exec-3" daemon [_thread_blocked, id=6368, stack(0x000000006a0e0000,0x000000006a1e0000)]
  0x000000005c371800 JavaThread "http-nio-8203-exec-2" daemon [_thread_blocked, id=280, stack(0x00000000697a0000,0x00000000698a0000)]
  0x000000005c370800 JavaThread "http-nio-8203-exec-1" daemon [_thread_blocked, id=5300, stack(0x0000000069fd0000,0x000000006a0d0000)]
  0x000000005c370000 JavaThread "NioBlockingSelector.BlockPoller-1" daemon [_thread_in_native, id=4232, stack(0x0000000069df0000,0x0000000069ef0000)]
  0x000000005c36f000 JavaThread "HystrixMetricPoller" daemon [_thread_blocked, id=6524, stack(0x0000000063e80000,0x0000000063f80000)]
  0x000000005c36a000 JavaThread "DiscoveryClient-InstanceInfoReplicator-0" daemon [_thread_blocked, id=520, stack(0x00000000698b0000,0x00000000699b0000)]
  0x000000005c369000 JavaThread "DiscoveryClient-1" daemon [_thread_blocked, id=3184, stack(0x00000000680a0000,0x00000000681a0000)]
  0x000000005c368800 JavaThread "DiscoveryClient-0" daemon [_thread_blocked, id=5692, stack(0x00000000652c0000,0x00000000653c0000)]
  0x000000005c367800 JavaThread "AsyncResolver-bootstrap-0" daemon [_thread_blocked, id=2888, stack(0x000000005bff0000,0x000000005c0f0000)]
  0x000000005c36c000 JavaThread "Eureka-JerseyClient-Conn-Cleaner2" daemon [_thread_blocked, id=4864, stack(0x000000005b9c0000,0x000000005bac0000)]
  0x000000005c36b800 JavaThread "Eureka-JerseyClient-Conn-Cleaner2" daemon [_thread_blocked, id=5216, stack(0x0000000061750000,0x0000000061850000)]
  0x000000005c36a800 JavaThread "RxIoScheduler-1 (Evictor)" daemon [_thread_blocked, id=5636, stack(0x0000000063960000,0x0000000063a60000)]
  0x000000005c36e800 JavaThread "SimpleHostRoutingFilter.connectionManagerTimer" daemon [_thread_blocked, id=3764, stack(0x0000000061860000,0x0000000061960000)]
  0x000000005c36d800 JavaThread "container-0" [_thread_blocked, id=2900, stack(0x00000000666f0000,0x00000000667f0000)]
  0x000000005c36d000 JavaThread "ContainerBackgroundProcessor[StandardEngine[Tomcat]]" daemon [_thread_blocked, id=3400, stack(0x0000000066f20000,0x0000000067020000)]
  0x000000005b2fb800 JavaThread "spring.cloud.inetutils" daemon [_thread_blocked, id=3248, stack(0x000000005d210000,0x000000005d310000)]
  0x000000005936c000 JavaThread "Service Thread" daemon [_thread_blocked, id=5360, stack(0x00000000597f0000,0x00000000598f0000)]
  0x00000000592eb000 JavaThread "C1 CompilerThread2" daemon [_thread_blocked, id=4720, stack(0x000000005a0f0000,0x000000005a1f0000)]
  0x00000000592e6000 JavaThread "C2 CompilerThread1" daemon [_thread_blocked, id=6672, stack(0x0000000059e70000,0x0000000059f70000)]
=>0x00000000592e4000 JavaThread "C2 CompilerThread0" daemon [_thread_in_native, id=7096, stack(0x0000000059c80000,0x0000000059d80000)]
  0x00000000592e2800 JavaThread "Attach Listener" daemon [_thread_blocked, id=3652, stack(0x0000000059b10000,0x0000000059c10000)]
  0x00000000592d1000 JavaThread "Signal Dispatcher" daemon [_thread_blocked, id=4348, stack(0x0000000059920000,0x0000000059a20000)]
  0x00000000592b0800 JavaThread "Finalizer" daemon [_thread_blocked, id=6264, stack(0x00000000596f0000,0x00000000597f0000)]
  0x0000000057a1c800 JavaThread "Reference Handler" daemon [_thread_blocked, id=6252, stack(0x0000000059170000,0x0000000059270000)]

Other Threads:
  0x0000000057a14800 VMThread [stack: 0x0000000058fc0000,0x00000000590c0000] [id=4160]
  0x0000000059393800 WatcherThread [stack: 0x0000000059fd0000,0x000000005a0d0000] [id=1064]

VM state:not at safepoint (normal execution)

VM Mutex/Monitor currently owned by a thread: None

Heap:
 PSYoungGen      total 656384K, used 454174K [0x00000000d5580000, 0x0000000100000000, 0x0000000100000000)
  eden space 637440K, 71% used [0x00000000d5580000,0x00000000f1107bb8,0x00000000fc400000)
  from space 18944K, 0% used [0x00000000fc400000,0x00000000fc400000,0x00000000fd680000)
  to   space 31232K, 0% used [0x00000000fe180000,0x00000000fe180000,0x0000000100000000)
 ParOldGen       total 140800K, used 38789K [0x0000000080000000, 0x0000000088980000, 0x00000000d5580000)
  object space 140800K, 27% used [0x0000000080000000,0x00000000825e15b8,0x0000000088980000)
 Metaspace       used 60582K, capacity 61524K, committed 61824K, reserved 1103872K
  class space    used 7477K, capacity 7702K, committed 7808K, reserved 1048576K

Card table byte_map: [0x0000000011d10000,0x0000000012120000] byte_map_base: 0x0000000011910000

Marking Bits: (ParMarkBitMap*) 0x00000000627d0600
 Begin Bits: [0x0000000012c30000, 0x0000000014c30000)
 End Bits:   [0x0000000014c30000, 0x0000000016c30000)

Polling page: 0x0000000000230000

CodeCache: size=245760Kb used=26150Kb max_used=26152Kb free=219609Kb
 bounds [0x0000000002950000, 0x0000000004310000, 0x0000000011950000]
 total_blobs=8227 nmethods=7711 adapters=429
 compilation: enabled

Compilation events (10 events):
Event: 3203.238 Thread 0x00000000592eb000 9511   !   3       com.netflix.servo.jsr166e.ConcurrentHashMapV8::computeIfAbsent (493 bytes)
Event: 3203.241 Thread 0x00000000592eb000 nmethod 9511 0x0000000003ffb110 code [0x0000000003ffb440, 0x0000000003ffd5f8]
Event: 3203.245 Thread 0x00000000592eb000 9513       3       ch.qos.logback.classic.Logger::callAppenders (47 bytes)
Event: 3203.246 Thread 0x00000000592eb000 nmethod 9513 0x00000000042ff790 code [0x00000000042ff920, 0x00000000042ffd98]
Event: 3203.249 Thread 0x00000000592eb000 9514       3       org.apache.http.conn.EofSensorInputStream::close (10 bytes)
Event: 3203.249 Thread 0x00000000592eb000 nmethod 9514 0x0000000003181b90 code [0x0000000003181d00, 0x0000000003181ea8]
Event: 3203.249 Thread 0x00000000592eb000 9516       3       org.apache.coyote.http11.Http11OutputBuffer::sendHeader (41 bytes)
Event: 3203.250 Thread 0x00000000592eb000 nmethod 9516 0x0000000003181290 code [0x0000000003181440, 0x0000000003181918]
Event: 3203.250 Thread 0x00000000592eb000 9515   !   3       org.apache.http.conn.EofSensorInputStream::checkClose (54 bytes)
Event: 3203.250 Thread 0x00000000592eb000 nmethod 9515 0x0000000003ffa9d0 code [0x0000000003ffab60, 0x0000000003ffaf98]

GC Heap History (10 events):
Event: 20.172 GC heap before
{Heap before GC invocations=14 (full 2):
 PSYoungGen      total 569856K, used 569828K [0x00000000d5580000, 0x0000000100000000, 0x0000000100000000)
  eden space 554496K, 100% used [0x00000000d5580000,0x00000000f7300000,0x00000000f7300000)
  from space 15360K, 99% used [0x00000000f7300000,0x00000000f81f90f0,0x00000000f8200000)
  to   space 22016K, 0% used [0x00000000fea80000,0x00000000fea80000,0x0000000100000000)
 ParOldGen       total 87040K, used 28122K [0x0000000080000000, 0x0000000085500000, 0x00000000d5580000)
  object space 87040K, 32% used [0x0000000080000000,0x0000000081b76900,0x0000000085500000)
 Metaspace       used 49394K, capacity 50028K, committed 50432K, reserved 1093632K
  class space    used 6184K, capacity 6372K, committed 6400K, reserved 1048576K
Event: 20.207 GC heap after
Heap after GC invocations=14 (full 2):
 PSYoungGen      total 671744K, used 20325K [0x00000000d5580000, 0x0000000100000000, 0x0000000100000000)
  eden space 649728K, 0% used [0x00000000d5580000,0x00000000d5580000,0x00000000fd000000)
  from space 22016K, 92% used [0x00000000fea80000,0x00000000ffe59608,0x0000000100000000)
  to   space 24576K, 0% used [0x00000000fd000000,0x00000000fd000000,0x00000000fe800000)
 ParOldGen       total 87040K, used 41963K [0x0000000080000000, 0x0000000085500000, 0x00000000d5580000)
  object space 87040K, 48% used [0x0000000080000000,0x00000000828faf08,0x0000000085500000)
 Metaspace       used 49394K, capacity 50028K, committed 50432K, reserved 1093632K
  class space    used 6184K, capacity 6372K, committed 6400K, reserved 1048576K
}
Event: 22.883 GC heap before
{Heap before GC invocations=15 (full 2):
 PSYoungGen      total 671744K, used 670053K [0x00000000d5580000, 0x0000000100000000, 0x0000000100000000)
  eden space 649728K, 100% used [0x00000000d5580000,0x00000000fd000000,0x00000000fd000000)
  from space 22016K, 92% used [0x00000000fea80000,0x00000000ffe59608,0x0000000100000000)
  to   space 24576K, 0% used [0x00000000fd000000,0x00000000fd000000,0x00000000fe800000)
 ParOldGen       total 87040K, used 41963K [0x0000000080000000, 0x0000000085500000, 0x00000000d5580000)
  object space 87040K, 48% used [0x0000000080000000,0x00000000828faf08,0x0000000085500000)
 Metaspace       used 50820K, capacity 51446K, committed 51968K, reserved 1095680K
  class space    used 6351K, capacity 6539K, committed 6656K, reserved 1048576K
Event: 22.905 GC heap after
Heap after GC invocations=15 (full 2):
 PSYoungGen      total 672256K, used 22188K [0x00000000d5580000, 0x0000000100000000, 0x0000000100000000)
  eden space 649728K, 0% used [0x00000000d5580000,0x00000000d5580000,0x00000000fd000000)
  from space 22528K, 98% used [0x00000000fd000000,0x00000000fe5ab070,0x00000000fe600000)
  to   space 26624K, 0% used [0x00000000fe600000,0x00000000fe600000,0x0000000100000000)
 ParOldGen       total 87040K, used 41971K [0x0000000080000000, 0x0000000085500000, 0x00000000d5580000)
  object space 87040K, 48% used [0x0000000080000000,0x00000000828fcf08,0x0000000085500000)
 Metaspace       used 50820K, capacity 51446K, committed 51968K, reserved 1095680K
  class space    used 6351K, capacity 6539K, committed 6656K, reserved 1048576K
}
Event: 25.597 GC heap before
{Heap before GC invocations=16 (full 2):
 PSYoungGen      total 672256K, used 671916K [0x00000000d5580000, 0x0000000100000000, 0x0000000100000000)
  eden space 649728K, 100% used [0x00000000d5580000,0x00000000fd000000,0x00000000fd000000)
  from space 22528K, 98% used [0x00000000fd000000,0x00000000fe5ab070,0x00000000fe600000)
  to   space 26624K, 0% used [0x00000000fe600000,0x00000000fe600000,0x0000000100000000)
 ParOldGen       total 87040K, used 41971K [0x0000000080000000, 0x0000000085500000, 0x00000000d5580000)
  object space 87040K, 48% used [0x0000000080000000,0x00000000828fcf08,0x0000000085500000)
 Metaspace       used 52325K, capacity 53016K, committed 53376K, reserved 1095680K
  class space    used 6541K, capacity 6720K, committed 6784K, reserved 1048576K
Event: 25.640 GC heap after
Heap after GC invocations=16 (full 2):
 PSYoungGen      total 664064K, used 24714K [0x00000000d5580000, 0x0000000100000000, 0x0000000100000000)
  eden space 637440K, 0% used [0x00000000d5580000,0x00000000d5580000,0x00000000fc400000)
  from space 26624K, 92% used [0x00000000fe600000,0x00000000ffe22ad8,0x0000000100000000)
  to   space 30720K, 0% used [0x00000000fc400000,0x00000000fc400000,0x00000000fe200000)
 ParOldGen       total 87040K, used 41979K [0x0000000080000000, 0x0000000085500000, 0x00000000d5580000)
  object space 87040K, 48% used [0x0000000080000000,0x00000000828fef08,0x0000000085500000)
 Metaspace       used 52325K, capacity 53016K, committed 53376K, reserved 1095680K
  class space    used 6541K, capacity 6720K, committed 6784K, reserved 1048576K
}
Event: 71.150 GC heap before
{Heap before GC invocations=17 (full 2):
 PSYoungGen      total 664064K, used 574739K [0x00000000d5580000, 0x0000000100000000, 0x0000000100000000)
  eden space 637440K, 86% used [0x00000000d5580000,0x00000000f6ea21e8,0x00000000fc400000)
  from space 26624K, 92% used [0x00000000fe600000,0x00000000ffe22ad8,0x0000000100000000)
  to   space 30720K, 0% used [0x00000000fc400000,0x00000000fc400000,0x00000000fe200000)
 ParOldGen       total 87040K, used 41979K [0x0000000080000000, 0x0000000085500000, 0x00000000d5580000)
  object space 87040K, 48% used [0x0000000080000000,0x00000000828fef08,0x0000000085500000)
 Metaspace       used 58239K, capacity 59016K, committed 59160K, reserved 1101824K
  class space    used 7353K, capacity 7540K, committed 7552K, reserved 1048576K
Event: 71.213 GC heap after
Heap after GC invocations=17 (full 2):
 PSYoungGen      total 656384K, used 18860K [0x00000000d5580000, 0x0000000100000000, 0x0000000100000000)
  eden space 637440K, 0% used [0x00000000d5580000,0x00000000d5580000,0x00000000fc400000)
  from space 18944K, 99% used [0x00000000fc400000,0x00000000fd66b290,0x00000000fd680000)
  to   space 31232K, 0% used [0x00000000fe180000,0x00000000fe180000,0x0000000100000000)
 ParOldGen       total 87040K, used 41987K [0x0000000080000000, 0x0000000085500000, 0x00000000d5580000)
  object space 87040K, 48% used [0x0000000080000000,0x0000000082900f08,0x0000000085500000)
 Metaspace       used 58239K, capacity 59016K, committed 59160K, reserved 1101824K
  class space    used 7353K, capacity 7540K, committed 7552K, reserved 1048576K
}
Event: 71.213 GC heap before
{Heap before GC invocations=18 (full 3):
 PSYoungGen      total 656384K, used 18860K [0x00000000d5580000, 0x0000000100000000, 0x0000000100000000)
  eden space 637440K, 0% used [0x00000000d5580000,0x00000000d5580000,0x00000000fc400000)
  from space 18944K, 99% used [0x00000000fc400000,0x00000000fd66b290,0x00000000fd680000)
  to   space 31232K, 0% used [0x00000000fe180000,0x00000000fe180000,0x0000000100000000)
 ParOldGen       total 87040K, used 41987K [0x0000000080000000, 0x0000000085500000, 0x00000000d5580000)
  object space 87040K, 48% used [0x0000000080000000,0x0000000082900f08,0x0000000085500000)
 Metaspace       used 58239K, capacity 59016K, committed 59160K, reserved 1101824K
  class space    used 7353K, capacity 7540K, committed 7552K, reserved 1048576K
Event: 72.086 GC heap after
Heap after GC invocations=18 (full 3):
 PSYoungGen      total 656384K, used 0K [0x00000000d5580000, 0x0000000100000000, 0x0000000100000000)
  eden space 637440K, 0% used [0x00000000d5580000,0x00000000d5580000,0x00000000fc400000)
  from space 18944K, 0% used [0x00000000fc400000,0x00000000fc400000,0x00000000fd680000)
  to   space 31232K, 0% used [0x00000000fe180000,0x00000000fe180000,0x0000000100000000)
 ParOldGen       total 140800K, used 38789K [0x0000000080000000, 0x0000000088980000, 0x00000000d5580000)
  object space 140800K, 27% used [0x0000000080000000,0x00000000825e15b8,0x0000000088980000)
 Metaspace       used 58239K, capacity 59016K, committed 59160K, reserved 1101824K
  class space    used 7353K, capacity 7540K, committed 7552K, reserved 1048576K
}

Deoptimization events (10 events):
Event: 113.882 Thread 0x000000005c373000 Uncommon trap: reason=class_check action=maybe_recompile pc=0x0000000003cda7a8 method=org.springframework.core.ResolvableType.resolveType()Lorg/springframework/core/ResolvableType; @ 14
Event: 136.581 Thread 0x000000005c36d000 Uncommon trap: reason=bimorphic action=maybe_recompile pc=0x0000000003968900 method=java.util.AbstractCollection.addAll(Ljava/util/Collection;)Z @ 29
Event: 296.908 Thread 0x000000005effa000 Uncommon trap: reason=unstable_if action=reinterpret pc=0x00000000035d1dc8 method=java.util.concurrent.locks.AbstractQueuedSynchronizer.acquire(I)V @ 5
Event: 331.090 Thread 0x000000005c373800 Uncommon trap: reason=unstable_if action=reinterpret pc=0x0000000002b87058 method=java.nio.Buffer.<init>(IIII)V @ 66
Event: 356.918 Thread 0x000000005effa800 Uncommon trap: reason=unstable_if action=reinterpret pc=0x0000000003083d20 method=java.util.concurrent.locks.AbstractQueuedSynchronizer.acquire(I)V @ 5
Event: 1274.454 Thread 0x000000005effe800 Uncommon trap: reason=unstable_if action=reinterpret pc=0x0000000003ffb360 method=java.util.concurrent.locks.AbstractQueuedSynchronizer$ConditionObject.awaitNanos(J)J @ 73
Event: 1609.463 Thread 0x000000005eff5800 Uncommon trap: reason=class_check action=maybe_recompile pc=0x0000000003503f64 method=java.util.Collections$UnmodifiableMap.containsKey(Ljava/lang/Object;)Z @ 5
Event: 1609.463 Thread 0x000000005eff5800 Uncommon trap: reason=class_check action=maybe_recompile pc=0x0000000003503f64 method=java.util.Collections$UnmodifiableMap.containsKey(Ljava/lang/Object;)Z @ 5
Event: 1611.838 Thread 0x000000005c370000 Uncommon trap: reason=unstable_if action=reinterpret pc=0x0000000004005270 method=org.apache.tomcat.util.collections.SynchronizedQueue.poll()Ljava/lang/Object; @ 51
Event: 2067.447 Thread 0x000000005effa000 Uncommon trap: reason=unstable_if action=reinterpret pc=0x00000000041ce848 method=com.fasterxml.jackson.core.json.UTF8StreamJsonParser._finishAndReturnString()Ljava/lang/String; @ 59

Internal exceptions (10 events):
Event: 2997.696 Thread 0x000000005effa000 Exception <a 'java/net/SocketTimeoutException': Read timed out> (0x00000000ea997178) thrown at [D:\re\workspace\8-2-build-windows-amd64-cygwin\jdk8u77\6540\hotspot\src\share\vm\prims\jni.cpp, line 735]
Event: 3027.706 Thread 0x000000005effa000 Exception <a 'java/net/SocketTimeoutException': Read timed out> (0x00000000ea9a86a8) thrown at [D:\re\workspace\8-2-build-windows-amd64-cygwin\jdk8u77\6540\hotspot\src\share\vm\prims\jni.cpp, line 735]
Event: 3057.712 Thread 0x000000005effa000 Exception <a 'java/net/SocketTimeoutException': Read timed out> (0x00000000ea9b9bd8) thrown at [D:\re\workspace\8-2-build-windows-amd64-cygwin\jdk8u77\6540\hotspot\src\share\vm\prims\jni.cpp, line 735]
Event: 3081.434 Thread 0x000000005c375000 Exception <a 'java/net/SocketTimeoutException': Read timed out> (0x00000000f00e1018) thrown at [D:\re\workspace\8-2-build-windows-amd64-cygwin\jdk8u77\6540\hotspot\src\share\vm\prims\jni.cpp, line 735]
Event: 3087.719 Thread 0x000000005effa000 Exception <a 'java/net/SocketTimeoutException': Read timed out> (0x00000000ea9cb100) thrown at [D:\re\workspace\8-2-build-windows-amd64-cygwin\jdk8u77\6540\hotspot\src\share\vm\prims\jni.cpp, line 735]
Event: 3117.728 Thread 0x000000005effa000 Exception <a 'java/net/SocketTimeoutException': Read timed out> (0x00000000ea9dc630) thrown at [D:\re\workspace\8-2-build-windows-amd64-cygwin\jdk8u77\6540\hotspot\src\share\vm\prims\jni.cpp, line 735]
Event: 3147.734 Thread 0x000000005effa000 Exception <a 'java/net/SocketTimeoutException': Read timed out> (0x00000000ea9e9b60) thrown at [D:\re\workspace\8-2-build-windows-amd64-cygwin\jdk8u77\6540\hotspot\src\share\vm\prims\jni.cpp, line 735]
Event: 3177.739 Thread 0x000000005effa000 Exception <a 'java/net/SocketTimeoutException': Read timed out> (0x00000000ea9f7090) thrown at [D:\re\workspace\8-2-build-windows-amd64-cygwin\jdk8u77\6540\hotspot\src\share\vm\prims\jni.cpp, line 735]
Event: 3188.828 Thread 0x000000005eff4000 Exception <a 'java/net/ConnectException': Connection refused: connect> (0x00000000ee31d2e8) thrown at [D:\re\workspace\8-2-build-windows-amd64-cygwin\jdk8u77\6540\hotspot\src\share\vm\prims\jni.cpp, line 735]
Event: 3189.848 Thread 0x000000005eff4000 Exception <a 'java/net/ConnectException': Connection refused: connect> (0x00000000ee31e550) thrown at [D:\re\workspace\8-2-build-windows-amd64-cygwin\jdk8u77\6540\hotspot\src\share\vm\prims\jni.cpp, line 735]

Events (10 events):
Event: 3202.974 Thread 0x00000000592eb000 flushing nmethod 0x0000000003181290
Event: 3202.980 Thread 0x00000000592eb000 flushing nmethod 0x00000000032e6c10
Event: 3202.991 Thread 0x00000000592eb000 flushing nmethod 0x00000000034201d0
Event: 3202.997 Thread 0x00000000592eb000 flushing nmethod 0x0000000003bcb310
Event: 3202.999 Thread 0x00000000592e4000 flushing nmethod 0x0000000003dc7b50
Event: 3203.149 Thread 0x00000000592eb000 flushing nmethod 0x0000000003f0f4d0
Event: 3203.151 Thread 0x00000000592eb000 flushing nmethod 0x0000000003ffa110
Event: 3203.151 Thread 0x00000000592eb000 flushing nmethod 0x0000000004106cd0
Event: 3203.155 Executing VM operation: RevokeBias
Event: 3203.155 Executing VM operation: RevokeBias done


Dynamic libraries:
0x000000013f270000 - 0x000000013f2a7000 	C:\Program Files\jdk1.8.0_77\bin\java.exe
0x0000000077950000 - 0x0000000077af9000 	C:\Windows\SYSTEM32\ntdll.dll
0x0000000077830000 - 0x000000007794f000 	C:\Windows\system32\kernel32.dll
0x000007fefd950000 - 0x000007fefd9bb000 	C:\Windows\system32\KERNELBASE.dll
0x000007feff950000 - 0x000007feffa2b000 	C:\Windows\system32\ADVAPI32.dll
0x000007fefdd40000 - 0x000007fefdddf000 	C:\Windows\system32\msvcrt.dll
0x000007fefeb70000 - 0x000007fefeb8f000 	C:\Windows\SYSTEM32\sechost.dll
0x000007feff100000 - 0x000007feff22d000 	C:\Windows\system32\RPCRT4.dll
0x0000000077730000 - 0x000000007782a000 	C:\Windows\system32\USER32.dll
0x000007feffbf0000 - 0x000007feffc57000 	C:\Windows\system32\GDI32.dll
0x000007fefdd30000 - 0x000007fefdd3e000 	C:\Windows\system32\LPK.dll
0x000007fefeb90000 - 0x000007fefec59000 	C:\Windows\system32\USP10.dll
0x000007fefc370000 - 0x000007fefc564000 	C:\Windows\WinSxS\amd64_microsoft.windows.common-controls_6595b64144ccf1df_6.0.7601.17514_none_fa396087175ac9ac\COMCTL32.dll
0x000007feffb40000 - 0x000007feffbb1000 	C:\Windows\system32\SHLWAPI.dll
0x000007feffbc0000 - 0x000007feffbee000 	C:\Windows\system32\IMM32.DLL
0x000007feffa30000 - 0x000007feffb39000 	C:\Windows\system32\MSCTF.dll
0x0000000062850000 - 0x0000000062922000 	C:\Program Files\jdk1.8.0_77\jre\bin\msvcr100.dll
0x0000000061fc0000 - 0x0000000062850000 	C:\Program Files\jdk1.8.0_77\jre\bin\server\jvm.dll
0x000007fef5ec0000 - 0x000007fef5ec9000 	C:\Windows\system32\WSOCK32.dll
0x000007feff780000 - 0x000007feff7cd000 	C:\Windows\system32\WS2_32.dll
0x000007feff0f0000 - 0x000007feff0f8000 	C:\Windows\system32\NSI.dll
0x000007fef9cb0000 - 0x000007fef9ceb000 	C:\Windows\system32\WINMM.dll
0x000007fefcb80000 - 0x000007fefcb8c000 	C:\Windows\system32\VERSION.dll
0x0000000077b10000 - 0x0000000077b17000 	C:\Windows\system32\PSAPI.DLL
0x0000000064260000 - 0x000000006426f000 	C:\Program Files\jdk1.8.0_77\jre\bin\verify.dll
0x0000000064230000 - 0x0000000064259000 	C:\Program Files\jdk1.8.0_77\jre\bin\java.dll
0x0000000064210000 - 0x0000000064226000 	C:\Program Files\jdk1.8.0_77\jre\bin\zip.dll
0x000007fefdde0000 - 0x000007fefeb68000 	C:\Windows\system32\SHELL32.dll
0x000007feff310000 - 0x000007feff513000 	C:\Windows\system32\ole32.dll
0x000007fefd8a0000 - 0x000007fefd8af000 	C:\Windows\system32\profapi.dll
0x00000000641f0000 - 0x000000006420a000 	C:\Program Files\jdk1.8.0_77\jre\bin\net.dll
0x000007fefd0d0000 - 0x000007fefd125000 	C:\Windows\system32\mswsock.dll
0x000007fefd0c0000 - 0x000007fefd0c7000 	C:\Windows\System32\wship6.dll
0x000007fefb7e0000 - 0x000007fefb807000 	C:\Windows\system32\IPHLPAPI.DLL
0x000007fefb7d0000 - 0x000007fefb7db000 	C:\Windows\system32\WINNSI.DLL
0x000007fefb5b0000 - 0x000007fefb5c1000 	C:\Windows\system32\dhcpcsvc6.DLL
0x000007fefb570000 - 0x000007fefb588000 	C:\Windows\system32\dhcpcsvc.DLL
0x000007fefcf50000 - 0x000007fefcfab000 	C:\Windows\system32\DNSAPI.dll
0x000007fefcac0000 - 0x000007fefcac7000 	C:\Windows\System32\wshtcpip.dll
0x000007fefa810000 - 0x000007fefa818000 	C:\Windows\system32\rasadhlp.dll
0x000007fefb6c0000 - 0x000007fefb713000 	C:\Windows\System32\fwpuclnt.dll
0x00000000641e0000 - 0x00000000641ed000 	C:\Program Files\jdk1.8.0_77\jre\bin\management.dll
0x000007fefbaf0000 - 0x000007fefbb05000 	C:\Windows\system32\NLAapi.dll
0x000007fefa820000 - 0x000007fefa835000 	C:\Windows\system32\napinsp.dll
0x000007fefa7f0000 - 0x000007fefa809000 	C:\Windows\system32\pnrpnsp.dll
0x000007fefa7e0000 - 0x000007fefa7eb000 	C:\Windows\System32\winrnr.dll
0x0000000061fa0000 - 0x0000000061fb1000 	C:\Program Files\jdk1.8.0_77\jre\bin\nio.dll
0x0000000061f00000 - 0x0000000061f24000 	C:\Program Files\jdk1.8.0_77\jre\bin\sunec.dll
0x000007fefd130000 - 0x000007fefd147000 	C:\Windows\system32\CRYPTSP.dll
0x000007fefce30000 - 0x000007fefce77000 	C:\Windows\system32\rsaenh.dll
0x000007fefcbe0000 - 0x000007fefcbfe000 	C:\Windows\system32\USERENV.dll
0x000007fefd790000 - 0x000007fefd79f000 	C:\Windows\system32\CRYPTBASE.dll

VM Arguments:
java_command: sxun-service-gateway-1.0.jar
java_class_path (initial): sxun-service-gateway-1.0.jar
Launcher Type: SUN_STANDARD

Environment Variables:
JAVA_HOME=C:\Program Files\jdk1.8.0_77
CLASSPATH=.;C:\Program Files\jdk1.8.0_77\lib\dt.jar;C:\Program Files\jdk1.8.0_77\lib\tools.jar
PATH=C:\Program Files\jdk1.8.0_77\bin;C:\Program Files\jdk1.8.0_77\jre\bin;C:\Program Files\MySQL\MySQL Server 5.7\bin;C:\Program Files\MySQL\MySQL Utilities 1.6\;C:\Program Files\Git\cmd
USERNAME=admin
OS=Windows_NT
PROCESSOR_IDENTIFIER=Intel64 Family 6 Model 44 Stepping 2, GenuineIntel



---------------  S Y S T E M  ---------------

OS: Windows 7 , 64 bit Build 7601 (6.1.7601.17514)

CPU:total 6 (8 cores per cpu, 1 threads per core) family 6 model 44 stepping 2, cmov, cx8, fxsr, mmx, sse, sse2, sse3, ssse3, sse4.1, sse4.2, popcnt, aes, clmul, tsc

Memory: 4k page, physical 8388088k(1238164k free), swap 8386244k(5244k free)

vm_info: Java HotSpot(TM) 64-Bit Server VM (25.77-b03) for windows-amd64 JRE (1.8.0_77-b03), built on Mar 20 2016 22:01:33 by "java_re" with MS VC++ 10.0 (VS2010)

time: Sat Dec 23 11:13:38 2017
elapsed time: 3203 seconds (0d 0h 53m 23s)

