#
# There is insufficient memory for the Java Runtime Environment to continue.
# Native memory allocation (malloc) failed to allocate 32744 bytes for ChunkPool::allocate
# Possible reasons:
#   The system is out of physical RAM or swap space
#   In 32 bit mode, the process size limit was hit
# Possible solutions:
#   Reduce memory load on the system
#   Increase physical memory or swap space
#   Check if swap backing store is full
#   Use 64 bit Java on a 64 bit OS
#   Decrease Java heap size (-Xmx/-Xms)
#   Decrease Integer of Java threads
#   Decrease Java thread stack sizes (-Xss)
#   Set larger code cache with -XX:ReservedCodeCacheSize=
# This output file may be truncated or incomplete.
#
#  Out of Memory Error (allocation.cpp:273), pid=6156, tid=5256
#
# JRE version: Java(TM) SE Runtime Environment (8.0_77-b03) (build 1.8.0_77-b03)
# Java VM: Java HotSpot(TM) 64-Bit Server VM (25.77-b03 mixed mode windows-amd64 compressed oops)
# Failed to write core dump. Minidumps are not enabled by default on client versions of Windows
#

---------------  T H R E A D  ---------------

Current thread (0x0000000059324000):  JavaThread "C2 CompilerThread0" daemon [_thread_in_native, id=5256, stack(0x0000000059080000,0x0000000059180000)]

Stack: [0x0000000059080000,0x0000000059180000]
[error occurred during error reporting (printing stack bounds), id 0xc0000005]

Native frames: (J=compiled Java code, j=interpreted, Vv=VM code, C=native code)


Current CompileTask:
C2: 910532 8339       4       java.util.regex.Pattern::sequence (553 bytes)


---------------  P R O C E S S  ---------------

Java Threads: ( => current thread )
  0x000000005ac2c000 JavaThread "HystrixTimer-6" daemon [_thread_blocked, id=5064, stack(0x000000006c570000,0x000000006c670000)]
  0x000000005ac2b000 JavaThread "HystrixTimer-5" daemon [_thread_blocked, id=6648, stack(0x000000006c280000,0x000000006c380000)]
  0x000000005ac2a800 JavaThread "HystrixTimer-4" daemon [_thread_blocked, id=1400, stack(0x000000006bf80000,0x000000006c080000)]
  0x0000000060981000 JavaThread "HystrixTimer-3" daemon [_thread_blocked, id=364, stack(0x000000006b710000,0x000000006b810000)]
  0x0000000060980800 JavaThread "HystrixTimer-2" daemon [_thread_blocked, id=3260, stack(0x000000006c090000,0x000000006c190000)]
  0x000000006097f800 JavaThread "RxComputationScheduler-5" daemon [_thread_blocked, id=3636, stack(0x000000006bdf0000,0x000000006bef0000)]
  0x000000006097e800 JavaThread "RxComputationScheduler-4" daemon [_thread_blocked, id=6532, stack(0x000000006b9d0000,0x000000006bad0000)]
  0x000000006097e000 JavaThread "RxComputationScheduler-3" daemon [_thread_blocked, id=3492, stack(0x000000006bc80000,0x000000006bd80000)]
  0x000000006097d000 JavaThread "RxComputationScheduler-2" daemon [_thread_blocked, id=6136, stack(0x000000006baf0000,0x000000006bbf0000)]
  0x000000006097c800 JavaThread "HystrixTimer-1" daemon [_thread_blocked, id=4912, stack(0x000000006ada0000,0x000000006aea0000)]
  0x000000006097b800 JavaThread "PollingServerListUpdater-1" daemon [_thread_blocked, id=6484, stack(0x000000006b840000,0x000000006b940000)]
  0x000000006097b000 JavaThread "RxComputationScheduler-1" daemon [_thread_blocked, id=4736, stack(0x000000006afe0000,0x000000006b0e0000)]
  0x000000005b3bb800 JavaThread "RxScheduledExecutorPool-2" daemon [_thread_blocked, id=1200, stack(0x000000006b610000,0x000000006b710000)]
  0x000000005b3ba800 JavaThread "RxScheduledExecutorPool-1" daemon [_thread_blocked, id=4880, stack(0x000000006a7b0000,0x000000006a8b0000)]
  0x000000005b3ba000 JavaThread "DataPublisher" daemon [_thread_blocked, id=5820, stack(0x000000006b0e0000,0x000000006b1e0000)]
  0x000000005b3b9000 JavaThread "PollingServerListUpdater-0" daemon [_thread_blocked, id=4752, stack(0x000000006aec0000,0x000000006afc0000)]
  0x000000005b3b8800 JavaThread "NFLoadBalancer-PingTimer-sxun-service-cms" daemon [_thread_blocked, id=6008, stack(0x000000006b2b0000,0x000000006b3b0000)]
  0x000000005b3b7000 JavaThread "expiringMap-0" daemon [_thread_blocked, id=6456, stack(0x000000006ac90000,0x000000006ad90000)]
  0x000000005b3b6000 JavaThread "AsyncResolver-bootstrap-executor-0" daemon [_thread_blocked, id=6692, stack(0x000000006a8b0000,0x000000006a9b0000)]
  0x000000005b3b5800 JavaThread "DiscoveryClient-2" daemon [_thread_blocked, id=5476, stack(0x000000006a6a0000,0x000000006a7a0000)]
  0x000000005b3b4800 JavaThread "DiscoveryClient-HeartbeatExecutor-0" daemon [_thread_blocked, id=5680, stack(0x0000000069540000,0x0000000069640000)]
  0x000000005b3b4000 JavaThread "DiscoveryClient-CacheRefreshExecutor-0" daemon [_thread_blocked, id=6800, stack(0x0000000069920000,0x0000000069a20000)]
  0x000000005b3b3000 JavaThread "DestroyJavaVM" [_thread_blocked, id=6696, stack(0x00000000026c0000,0x00000000027c0000)]
  0x000000005b3b2800 JavaThread "http-nio-8203-AsyncTimeout" daemon [_thread_blocked, id=5400, stack(0x000000006a360000,0x000000006a460000)]
  0x000000005b3b1800 JavaThread "http-nio-8203-Acceptor-0" daemon [_thread_in_native, id=4964, stack(0x0000000068db0000,0x0000000068eb0000)]
  0x000000005b3b1000 JavaThread "http-nio-8203-ClientPoller-1" daemon [_thread_in_native, id=6024, stack(0x000000006a590000,0x000000006a690000)]
  0x000000005b3b0000 JavaThread "http-nio-8203-ClientPoller-0" daemon [_thread_in_native, id=5028, stack(0x000000006a490000,0x000000006a590000)]
  0x000000005b3af800 JavaThread "http-nio-8203-exec-10" daemon [_thread_blocked, id=5760, stack(0x000000006a210000,0x000000006a310000)]
  0x000000005b3ae800 JavaThread "http-nio-8203-exec-9" daemon [_thread_blocked, id=3244, stack(0x0000000069c50000,0x0000000069d50000)]
  0x000000005b3ae000 JavaThread "http-nio-8203-exec-8" daemon [_thread_blocked, id=2556, stack(0x000000006a090000,0x000000006a190000)]
  0x000000005b3ad000 JavaThread "http-nio-8203-exec-7" daemon [_thread_blocked, id=7008, stack(0x0000000069ea0000,0x0000000069fa0000)]
  0x000000005b3ac800 JavaThread "http-nio-8203-exec-6" daemon [_thread_blocked, id=3900, stack(0x0000000069d70000,0x0000000069e70000)]
  0x000000005a955800 JavaThread "http-nio-8203-exec-5" daemon [_thread_blocked, id=7040, stack(0x00000000663b0000,0x00000000664b0000)]
  0x000000005a954800 JavaThread "http-nio-8203-exec-4" daemon [_thread_blocked, id=6660, stack(0x0000000069010000,0x0000000069110000)]
  0x000000005a954000 JavaThread "http-nio-8203-exec-3" daemon [_thread_blocked, id=5932, stack(0x0000000062930000,0x0000000062a30000)]
  0x000000005a953000 JavaThread "http-nio-8203-exec-2" daemon [_thread_blocked, id=4656, stack(0x0000000069b50000,0x0000000069c50000)]
  0x000000005a952800 JavaThread "http-nio-8203-exec-1" daemon [_thread_blocked, id=5072, stack(0x0000000069a30000,0x0000000069b30000)]
  0x000000005a951800 JavaThread "NioBlockingSelector.BlockPoller-1" daemon [_thread_in_native, id=6840, stack(0x00000000693f0000,0x00000000694f0000)]
  0x000000005a94e000 JavaThread "HystrixMetricPoller" daemon [_thread_blocked, id=2316, stack(0x00000000649e0000,0x0000000064ae0000)]
  0x000000005a94a000 JavaThread "DiscoveryClient-InstanceInfoReplicator-0" daemon [_thread_blocked, id=4944, stack(0x0000000068eb0000,0x0000000068fb0000)]
  0x000000005a949000 JavaThread "DiscoveryClient-1" daemon [_thread_blocked, id=2488, stack(0x0000000068c80000,0x0000000068d80000)]
  0x000000005a948800 JavaThread "DiscoveryClient-0" daemon [_thread_blocked, id=4228, stack(0x0000000067a60000,0x0000000067b60000)]
  0x000000005a947800 JavaThread "AsyncResolver-bootstrap-0" daemon [_thread_blocked, id=1076, stack(0x0000000062c10000,0x0000000062d10000)]
  0x000000005a94e800 JavaThread "Eureka-JerseyClient-Conn-Cleaner2" daemon [_thread_blocked, id=4852, stack(0x0000000061df0000,0x0000000061ef0000)]
  0x000000005a946000 JavaThread "Eureka-JerseyClient-Conn-Cleaner2" daemon [_thread_blocked, id=524, stack(0x0000000062a30000,0x0000000062b30000)]
  0x000000005a951000 JavaThread "RxIoScheduler-1 (Evictor)" daemon [_thread_blocked, id=5368, stack(0x0000000064470000,0x0000000064570000)]
  0x000000005a94a800 JavaThread "SimpleHostRoutingFilter.connectionManagerTimer" daemon [_thread_blocked, id=5464, stack(0x000000005cd20000,0x000000005ce20000)]
  0x000000005a950000 JavaThread "container-0" [_thread_blocked, id=5520, stack(0x00000000662b0000,0x00000000663b0000)]
  0x000000005a94f800 JavaThread "ContainerBackgroundProcessor[StandardEngine[Tomcat]]" daemon [_thread_blocked, id=6216, stack(0x0000000067960000,0x0000000067a60000)]
  0x000000005bad1800 JavaThread "spring.cloud.inetutils" daemon [_thread_blocked, id=5080, stack(0x000000005c980000,0x000000005ca80000)]
  0x00000000593a2800 JavaThread "Service Thread" daemon [_thread_blocked, id=7032, stack(0x0000000058e20000,0x0000000058f20000)]
  0x000000005932b000 JavaThread "C1 CompilerThread2" daemon [_thread_blocked, id=716, stack(0x0000000059bb0000,0x0000000059cb0000)]
  0x0000000059329800 JavaThread "C2 CompilerThread1" daemon [_thread_blocked, id=7020, stack(0x0000000059a50000,0x0000000059b50000)]
=>0x0000000059324000 JavaThread "C2 CompilerThread0" daemon [_thread_in_native, id=5256, stack(0x0000000059080000,0x0000000059180000)]
  0x0000000059322800 JavaThread "Attach Listener" daemon [_thread_blocked, id=6560, stack(0x00000000598d0000,0x00000000599d0000)]
  0x0000000059311000 JavaThread "Signal Dispatcher" daemon [_thread_blocked, id=7036, stack(0x00000000025c0000,0x00000000026c0000)]
  0x00000000592f0800 JavaThread "Finalizer" daemon [_thread_blocked, id=5548, stack(0x0000000059790000,0x0000000059890000)]
  0x00000000579bc800 JavaThread "Reference Handler" daemon [_thread_blocked, id=6168, stack(0x00000000591b0000,0x00000000592b0000)]

Other Threads:
  0x00000000579b4800 VMThread [stack: 0x0000000058f80000,0x0000000059080000] [id=6176]
  0x00000000593e2800 WatcherThread [stack: 0x0000000059d30000,0x0000000059e30000] [id=3100]

VM state:not at safepoint (normal execution)

VM Mutex/Monitor currently owned by a thread: None

Heap:
 PSYoungGen      total 654336K, used 177789K [0x00000000d5580000, 0x00000000ffd00000, 0x0000000100000000)
  eden space 641536K, 27% used [0x00000000d5580000,0x00000000e031f758,0x00000000fc800000)
  from space 12800K, 0% used [0x00000000fc800000,0x00000000fc800000,0x00000000fd480000)
  to   space 27136K, 0% used [0x00000000fe280000,0x00000000fe280000,0x00000000ffd00000)
 ParOldGen       total 112640K, used 39552K [0x0000000080000000, 0x0000000086e00000, 0x00000000d5580000)
  object space 112640K, 35% used [0x0000000080000000,0x00000000826a0150,0x0000000086e00000)
 Metaspace       used 59982K, capacity 60912K, committed 61312K, reserved 1103872K
  class space    used 7477K, capacity 7696K, committed 7808K, reserved 1048576K

Card table byte_map: [0x0000000011b80000,0x0000000011f90000] byte_map_base: 0x0000000011780000

Marking Bits: (ParMarkBitMap*) 0x00000000627d0600
 Begin Bits: [0x0000000012bd0000, 0x0000000014bd0000)
 End Bits:   [0x0000000014bd0000, 0x0000000016bd0000)

Polling page: 0x0000000001c60000

CodeCache: size=245760Kb used=23540Kb max_used=23544Kb free=222219Kb
 bounds [0x00000000027c0000, 0x0000000003ee0000, 0x00000000117c0000]
 total_blobs=7316 nmethods=6799 adapters=429
 compilation: enabled

Compilation events (10 events):
Event: 897.668 Thread 0x000000005932b000 nmethod 8331 0x0000000003edc210 code [0x0000000003edc360, 0x0000000003edc470]
Event: 897.669 Thread 0x000000005932b000 8333       1       org.apache.http.message.BasicStatusLine::getProtocolVersion (5 bytes)
Event: 897.669 Thread 0x000000005932b000 nmethod 8333 0x0000000003edbf50 code [0x0000000003edc0a0, 0x0000000003edc1b0]
Event: 901.086 Thread 0x000000005932b000 8336       3       java.util.ArrayDeque$DeqIterator::<init> (6 bytes)
Event: 901.086 Thread 0x000000005932b000 nmethod 8336 0x0000000003edbbd0 code [0x0000000003edbd40, 0x0000000003edbec8]
Event: 902.088 Thread 0x000000005932b000 8337       3       com.netflix.hystrix.metric.consumer.RollingCommandEventCounterStream::getEmptyOutputValue (5 bytes)
Event: 902.088 Thread 0x000000005932b000 nmethod 8337 0x0000000003edb750 code [0x0000000003edb8c0, 0x0000000003edbaf0]
Event: 902.089 Thread 0x000000005932b000 8338       3       com.netflix.hystrix.metric.consumer.RollingCommandEventCounterStream::getEmptyOutputValue (6 bytes)
Event: 902.089 Thread 0x000000005932b000 nmethod 8338 0x0000000003edb390 code [0x0000000003edb4e0, 0x0000000003edb6b0]
Event: 910.384 Thread 0x0000000059324000 8339       4       java.util.regex.Pattern::sequence (553 bytes)

GC Heap History (10 events):
Event: 20.648 GC heap before
{Heap before GC invocations=16 (full 2):
 PSYoungGen      total 576000K, used 575986K [0x00000000d5580000, 0x0000000100000000, 0x0000000100000000)
  eden space 563712K, 100% used [0x00000000d5580000,0x00000000f7c00000,0x00000000f7c00000)
  from space 12288K, 99% used [0x00000000f7c00000,0x00000000f87fc9c8,0x00000000f8800000)
  to   space 19456K, 0% used [0x00000000fed00000,0x00000000fed00000,0x0000000100000000)
 ParOldGen       total 70656K, used 31365K [0x0000000080000000, 0x0000000084500000, 0x00000000d5580000)
  object space 70656K, 44% used [0x0000000080000000,0x0000000081ea15c0,0x0000000084500000)
 Metaspace       used 49400K, capacity 50060K, committed 50432K, reserved 1093632K
  class space    used 6185K, capacity 6340K, committed 6400K, reserved 1048576K
Event: 20.676 GC heap after
Heap after GC invocations=16 (full 2):
 PSYoungGen      total 664064K, used 19431K [0x00000000d5580000, 0x0000000100000000, 0x0000000100000000)
  eden space 644608K, 0% used [0x00000000d5580000,0x00000000d5580000,0x00000000fcb00000)
  from space 19456K, 99% used [0x00000000fed00000,0x00000000ffff9f40,0x0000000100000000)
  to   space 27136K, 0% used [0x00000000fcb00000,0x00000000fcb00000,0x00000000fe580000)
 ParOldGen       total 70656K, used 43298K [0x0000000080000000, 0x0000000084500000, 0x00000000d5580000)
  object space 70656K, 61% used [0x0000000080000000,0x0000000082a48b58,0x0000000084500000)
 Metaspace       used 49400K, capacity 50060K, committed 50432K, reserved 1093632K
  class space    used 6185K, capacity 6340K, committed 6400K, reserved 1048576K
}
Event: 23.263 GC heap before
{Heap before GC invocations=17 (full 2):
 PSYoungGen      total 664064K, used 664039K [0x00000000d5580000, 0x0000000100000000, 0x0000000100000000)
  eden space 644608K, 100% used [0x00000000d5580000,0x00000000fcb00000,0x00000000fcb00000)
  from space 19456K, 99% used [0x00000000fed00000,0x00000000ffff9f40,0x0000000100000000)
  to   space 27136K, 0% used [0x00000000fcb00000,0x00000000fcb00000,0x00000000fe580000)
 ParOldGen       total 70656K, used 43298K [0x0000000080000000, 0x0000000084500000, 0x00000000d5580000)
  object space 70656K, 61% used [0x0000000080000000,0x0000000082a48b58,0x0000000084500000)
 Metaspace       used 50815K, capacity 51414K, committed 51840K, reserved 1095680K
  class space    used 6351K, capacity 6507K, committed 6528K, reserved 1048576K
Event: 23.308 GC heap after
Heap after GC invocations=17 (full 2):
 PSYoungGen      total 663552K, used 18910K [0x00000000d5580000, 0x0000000100000000, 0x0000000100000000)
  eden space 644608K, 0% used [0x00000000d5580000,0x00000000d5580000,0x00000000fcb00000)
  from space 18944K, 99% used [0x00000000fcb00000,0x00000000fdd77a40,0x00000000fdd80000)
  to   space 28672K, 0% used [0x00000000fe400000,0x00000000fe400000,0x0000000100000000)
 ParOldGen       total 70656K, used 46906K [0x0000000080000000, 0x0000000084500000, 0x00000000d5580000)
  object space 70656K, 66% used [0x0000000080000000,0x0000000082dceb78,0x0000000084500000)
 Metaspace       used 50815K, capacity 51414K, committed 51840K, reserved 1095680K
  class space    used 6351K, capacity 6507K, committed 6528K, reserved 1048576K
}
Event: 26.131 GC heap before
{Heap before GC invocations=18 (full 2):
 PSYoungGen      total 663552K, used 663518K [0x00000000d5580000, 0x0000000100000000, 0x0000000100000000)
  eden space 644608K, 100% used [0x00000000d5580000,0x00000000fcb00000,0x00000000fcb00000)
  from space 18944K, 99% used [0x00000000fcb00000,0x00000000fdd77a40,0x00000000fdd80000)
  to   space 28672K, 0% used [0x00000000fe400000,0x00000000fe400000,0x0000000100000000)
 ParOldGen       total 70656K, used 46906K [0x0000000080000000, 0x0000000084500000, 0x00000000d5580000)
  object space 70656K, 66% used [0x0000000080000000,0x0000000082dceb78,0x0000000084500000)
 Metaspace       used 52286K, capacity 53016K, committed 53376K, reserved 1095680K
  class space    used 6540K, capacity 6720K, committed 6784K, reserved 1048576K
Event: 26.153 GC heap after
Heap after GC invocations=18 (full 2):
 PSYoungGen      total 670208K, used 16349K [0x00000000d5580000, 0x0000000100000000, 0x0000000100000000)
  eden space 641536K, 0% used [0x00000000d5580000,0x00000000d5580000,0x00000000fc800000)
  from space 28672K, 57% used [0x00000000fe400000,0x00000000ff3f75f0,0x0000000100000000)
  to   space 28672K, 0% used [0x00000000fc800000,0x00000000fc800000,0x00000000fe400000)
 ParOldGen       total 70656K, used 51214K [0x0000000080000000, 0x0000000084500000, 0x00000000d5580000)
  object space 70656K, 72% used [0x0000000080000000,0x0000000083203a38,0x0000000084500000)
 Metaspace       used 52286K, capacity 53016K, committed 53376K, reserved 1095680K
  class space    used 6540K, capacity 6720K, committed 6784K, reserved 1048576K
}
Event: 598.136 GC heap before
{Heap before GC invocations=19 (full 2):
 PSYoungGen      total 670208K, used 653065K [0x00000000d5580000, 0x0000000100000000, 0x0000000100000000)
  eden space 641536K, 99% used [0x00000000d5580000,0x00000000fc34b1f0,0x00000000fc800000)
  from space 28672K, 57% used [0x00000000fe400000,0x00000000ff3f75f0,0x0000000100000000)
  to   space 28672K, 0% used [0x00000000fc800000,0x00000000fc800000,0x00000000fe400000)
 ParOldGen       total 70656K, used 51214K [0x0000000080000000, 0x0000000084500000, 0x00000000d5580000)
  object space 70656K, 72% used [0x0000000080000000,0x0000000083203a38,0x0000000084500000)
 Metaspace       used 58105K, capacity 58942K, committed 59160K, reserved 1101824K
  class space    used 7280K, capacity 7485K, committed 7552K, reserved 1048576K
Event: 598.177 GC heap after
Heap after GC invocations=19 (full 2):
 PSYoungGen      total 654336K, used 12432K [0x00000000d5580000, 0x00000000ffd00000, 0x0000000100000000)
  eden space 641536K, 0% used [0x00000000d5580000,0x00000000d5580000,0x00000000fc800000)
  from space 12800K, 97% used [0x00000000fc800000,0x00000000fd424170,0x00000000fd480000)
  to   space 27136K, 0% used [0x00000000fe280000,0x00000000fe280000,0x00000000ffd00000)
 ParOldGen       total 70656K, used 54358K [0x0000000080000000, 0x0000000084500000, 0x00000000d5580000)
  object space 70656K, 76% used [0x0000000080000000,0x0000000083515a68,0x0000000084500000)
 Metaspace       used 58105K, capacity 58942K, committed 59160K, reserved 1101824K
  class space    used 7280K, capacity 7485K, committed 7552K, reserved 1048576K
}
Event: 598.177 GC heap before
{Heap before GC invocations=20 (full 3):
 PSYoungGen      total 654336K, used 12432K [0x00000000d5580000, 0x00000000ffd00000, 0x0000000100000000)
  eden space 641536K, 0% used [0x00000000d5580000,0x00000000d5580000,0x00000000fc800000)
  from space 12800K, 97% used [0x00000000fc800000,0x00000000fd424170,0x00000000fd480000)
  to   space 27136K, 0% used [0x00000000fe280000,0x00000000fe280000,0x00000000ffd00000)
 ParOldGen       total 70656K, used 54358K [0x0000000080000000, 0x0000000084500000, 0x00000000d5580000)
  object space 70656K, 76% used [0x0000000080000000,0x0000000083515a68,0x0000000084500000)
 Metaspace       used 58105K, capacity 58942K, committed 59160K, reserved 1101824K
  class space    used 7280K, capacity 7485K, committed 7552K, reserved 1048576K
Event: 598.534 GC heap after
Heap after GC invocations=20 (full 3):
 PSYoungGen      total 654336K, used 0K [0x00000000d5580000, 0x00000000ffd00000, 0x0000000100000000)
  eden space 641536K, 0% used [0x00000000d5580000,0x00000000d5580000,0x00000000fc800000)
  from space 12800K, 0% used [0x00000000fc800000,0x00000000fc800000,0x00000000fd480000)
  to   space 27136K, 0% used [0x00000000fe280000,0x00000000fe280000,0x00000000ffd00000)
 ParOldGen       total 112640K, used 39552K [0x0000000080000000, 0x0000000086e00000, 0x00000000d5580000)
  object space 112640K, 35% used [0x0000000080000000,0x00000000826a0150,0x0000000086e00000)
 Metaspace       used 58097K, capacity 58924K, committed 59160K, reserved 1101824K
  class space    used 7278K, capacity 7482K, committed 7552K, reserved 1048576K
}

Deoptimization events (10 events):
Event: 619.822 Thread 0x000000005b3af800 Uncommon trap: reason=unstable_if action=reinterpret pc=0x0000000003d3a0bc method=java.io.ObjectOutputStream.writeObject0(Ljava/lang/Object;Z)V @ 29
Event: 619.823 Thread 0x000000005b3af800 Uncommon trap: reason=unstable_if action=reinterpret pc=0x0000000003c54320 method=java.io.ObjectOutputStream$ReplaceTable.lookup(Ljava/lang/Object;)Ljava/lang/Object; @ 10
Event: 722.867 Thread 0x000000005a953000 Uncommon trap: reason=unstable_if action=reinterpret pc=0x000000000331df18 method=java.nio.Buffer.<init>(IIII)V @ 66
Event: 796.302 Thread 0x000000005a94e000 Uncommon trap: reason=bimorphic action=maybe_recompile pc=0x00000000031ddd1c method=java.util.regex.Matcher.search(I)Z @ 86
Event: 796.302 Thread 0x000000005a94e000 Uncommon trap: reason=bimorphic action=maybe_recompile pc=0x00000000031ddd1c method=java.util.regex.Matcher.search(I)Z @ 86
Event: 796.302 Thread 0x000000005a94e000 Uncommon trap: reason=bimorphic action=maybe_recompile pc=0x00000000031ddd1c method=java.util.regex.Matcher.search(I)Z @ 86
Event: 796.302 Thread 0x000000005a94e000 Uncommon trap: reason=bimorphic action=maybe_recompile pc=0x00000000031ddd1c method=java.util.regex.Matcher.search(I)Z @ 86
Event: 855.039 Thread 0x000000005b3ac800 Uncommon trap: reason=unstable_if action=reinterpret pc=0x00000000033afb34 method=java.util.regex.Pattern.matcher(Ljava/lang/CharSequence;)Ljava/util/regex/Matcher; @ 4
Event: 855.039 Thread 0x000000005b3ac800 Uncommon trap: reason=unstable_if action=reinterpret pc=0x00000000031cfb88 method=java.util.regex.Pattern.sequence(Ljava/util/regex/Pattern$Node;)Ljava/util/regex/Pattern$Node; @ 536
Event: 882.174 Thread 0x000000005b3b1000 Uncommon trap: reason=class_check action=maybe_recompile pc=0x0000000003d915b0 method=java.util.HashMap.removeNode(ILjava/lang/Object;Ljava/lang/Object;ZZ)Ljava/util/HashMap$Node; @ 143

Internal exceptions (10 events):
Event: 619.822 Thread 0x000000005b3af800 Implicit null exception at 0x0000000003d31d01 to 0x0000000003d3a095
Event: 727.881 Thread 0x000000005a953000 Exception <a 'java/net/SocketTimeoutException': Read timed out> (0x00000000ddab6ed0) thrown at [D:\re\workspace\8-2-build-windows-amd64-cygwin\jdk8u77\6540\hotspot\src\share\vm\prims\jni.cpp, line 735]
Event: 835.801 Thread 0x000000005a952800 Exception <a 'java/net/SocketTimeoutException': Read timed out> (0x00000000de9019d8) thrown at [D:\re\workspace\8-2-build-windows-amd64-cygwin\jdk8u77\6540\hotspot\src\share\vm\prims\jni.cpp, line 735]
Event: 841.900 Thread 0x000000005a954800 Exception <a 'java/net/SocketTimeoutException': Read timed out> (0x00000000dedfa0d8) thrown at [D:\re\workspace\8-2-build-windows-amd64-cygwin\jdk8u77\6540\hotspot\src\share\vm\prims\jni.cpp, line 735]
Event: 842.340 Thread 0x000000005a954800 Implicit null exception at 0x0000000003184ed6 to 0x0000000003184f2b
Event: 842.340 Thread 0x000000005a954800 Exception <a 'java/lang/NullPointerException'> (0x00000000df51c4a0) thrown at [D:\re\workspace\8-2-build-windows-amd64-cygwin\jdk8u77\6540\hotspot\src\share\vm\runtime\sharedRuntime.cpp, line 605]
Event: 855.051 Thread 0x000000005b3ac800 Implicit null exception at 0x0000000003184ed6 to 0x0000000003184f2b
Event: 855.051 Thread 0x000000005b3ac800 Exception <a 'java/lang/NullPointerException'> (0x00000000dfa42970) thrown at [D:\re\workspace\8-2-build-windows-amd64-cygwin\jdk8u77\6540\hotspot\src\share\vm\runtime\sharedRuntime.cpp, line 605]
Event: 856.969 Thread 0x000000005b3ad000 Implicit null exception at 0x0000000003184ed6 to 0x0000000003184f2b
Event: 856.969 Thread 0x000000005b3ad000 Exception <a 'java/lang/NullPointerException'> (0x00000000da2a2078) thrown at [D:\re\workspace\8-2-build-windows-amd64-cygwin\jdk8u77\6540\hotspot\src\share\vm\runtime\sharedRuntime.cpp, line 605]

Events (10 events):
Event: 867.503 Executing VM operation: RevokeBias done
Event: 882.174 Thread 0x000000005b3b1000 Uncommon trap: trap_request=0xffffffde fr.pc=0x0000000003d915b0
Event: 882.174 Thread 0x000000005b3b1000 DEOPT PACKING pc=0x0000000003d915b0 sp=0x000000006a68ed90
Event: 882.174 Thread 0x000000005b3b1000 DEOPT UNPACKING pc=0x000000000280556a sp=0x000000006a68ec98 mode 2
Event: 897.508 Executing VM operation: RevokeBias
Event: 897.508 Executing VM operation: RevokeBias done
Event: 897.508 Executing VM operation: RevokeBias
Event: 897.508 Executing VM operation: RevokeBias done
Event: 901.087 Thread 0x000000005932b000 flushing nmethod 0x000000000293ced0
Event: 902.089 Thread 0x000000005932b000 flushing nmethod 0x00000000029eee50


Dynamic libraries:
0x000000013f270000 - 0x000000013f2a7000 	C:\Program Files\jdk1.8.0_77\bin\java.exe
0x0000000077950000 - 0x0000000077af9000 	C:\Windows\SYSTEM32\ntdll.dll
0x0000000077830000 - 0x000000007794f000 	C:\Windows\system32\kernel32.dll
0x000007fefd950000 - 0x000007fefd9bb000 	C:\Windows\system32\KERNELBASE.dll
0x000007feff950000 - 0x000007feffa2b000 	C:\Windows\system32\ADVAPI32.dll
0x000007fefdd40000 - 0x000007fefdddf000 	C:\Windows\system32\msvcrt.dll
0x000007fefeb70000 - 0x000007fefeb8f000 	C:\Windows\SYSTEM32\sechost.dll
0x000007feff100000 - 0x000007feff22d000 	C:\Windows\system32\RPCRT4.dll
0x0000000077730000 - 0x000000007782a000 	C:\Windows\system32\USER32.dll
0x000007feffbf0000 - 0x000007feffc57000 	C:\Windows\system32\GDI32.dll
0x000007fefdd30000 - 0x000007fefdd3e000 	C:\Windows\system32\LPK.dll
0x000007fefeb90000 - 0x000007fefec59000 	C:\Windows\system32\USP10.dll
0x000007fefc370000 - 0x000007fefc564000 	C:\Windows\WinSxS\amd64_microsoft.windows.common-controls_6595b64144ccf1df_6.0.7601.17514_none_fa396087175ac9ac\COMCTL32.dll
0x000007feffb40000 - 0x000007feffbb1000 	C:\Windows\system32\SHLWAPI.dll
0x000007feffbc0000 - 0x000007feffbee000 	C:\Windows\system32\IMM32.DLL
0x000007feffa30000 - 0x000007feffb39000 	C:\Windows\system32\MSCTF.dll
0x0000000062850000 - 0x0000000062922000 	C:\Program Files\jdk1.8.0_77\jre\bin\msvcr100.dll
0x0000000061fc0000 - 0x0000000062850000 	C:\Program Files\jdk1.8.0_77\jre\bin\server\jvm.dll
0x000007fef5ec0000 - 0x000007fef5ec9000 	C:\Windows\system32\WSOCK32.dll
0x000007feff780000 - 0x000007feff7cd000 	C:\Windows\system32\WS2_32.dll
0x000007feff0f0000 - 0x000007feff0f8000 	C:\Windows\system32\NSI.dll
0x000007fef9cb0000 - 0x000007fef9ceb000 	C:\Windows\system32\WINMM.dll
0x000007fefcb80000 - 0x000007fefcb8c000 	C:\Windows\system32\VERSION.dll
0x0000000077b10000 - 0x0000000077b17000 	C:\Windows\system32\PSAPI.DLL
0x0000000064260000 - 0x000000006426f000 	C:\Program Files\jdk1.8.0_77\jre\bin\verify.dll
0x0000000064230000 - 0x0000000064259000 	C:\Program Files\jdk1.8.0_77\jre\bin\java.dll
0x0000000064210000 - 0x0000000064226000 	C:\Program Files\jdk1.8.0_77\jre\bin\zip.dll
0x000007fefdde0000 - 0x000007fefeb68000 	C:\Windows\system32\SHELL32.dll
0x000007feff310000 - 0x000007feff513000 	C:\Windows\system32\ole32.dll
0x000007fefd8a0000 - 0x000007fefd8af000 	C:\Windows\system32\profapi.dll
0x00000000641f0000 - 0x000000006420a000 	C:\Program Files\jdk1.8.0_77\jre\bin\net.dll
0x000007fefd0d0000 - 0x000007fefd125000 	C:\Windows\system32\mswsock.dll
0x000007fefd0c0000 - 0x000007fefd0c7000 	C:\Windows\System32\wship6.dll
0x000007fefb7e0000 - 0x000007fefb807000 	C:\Windows\system32\IPHLPAPI.DLL
0x000007fefb7d0000 - 0x000007fefb7db000 	C:\Windows\system32\WINNSI.DLL
0x000007fefb5b0000 - 0x000007fefb5c1000 	C:\Windows\system32\dhcpcsvc6.DLL
0x000007fefb570000 - 0x000007fefb588000 	C:\Windows\system32\dhcpcsvc.DLL
0x000007fefcf50000 - 0x000007fefcfab000 	C:\Windows\system32\DNSAPI.dll
0x000007fefcac0000 - 0x000007fefcac7000 	C:\Windows\System32\wshtcpip.dll
0x000007fefa810000 - 0x000007fefa818000 	C:\Windows\system32\rasadhlp.dll
0x000007fefb6c0000 - 0x000007fefb713000 	C:\Windows\System32\fwpuclnt.dll
0x00000000641e0000 - 0x00000000641ed000 	C:\Program Files\jdk1.8.0_77\jre\bin\management.dll
0x000007fefbaf0000 - 0x000007fefbb05000 	C:\Windows\system32\NLAapi.dll
0x000007fefa820000 - 0x000007fefa835000 	C:\Windows\system32\napinsp.dll
0x000007fefa7f0000 - 0x000007fefa809000 	C:\Windows\system32\pnrpnsp.dll
0x000007fefa7e0000 - 0x000007fefa7eb000 	C:\Windows\System32\winrnr.dll
0x0000000061fa0000 - 0x0000000061fb1000 	C:\Program Files\jdk1.8.0_77\jre\bin\nio.dll
0x0000000061f00000 - 0x0000000061f24000 	C:\Program Files\jdk1.8.0_77\jre\bin\sunec.dll
0x000007fefd130000 - 0x000007fefd147000 	C:\Windows\system32\CRYPTSP.dll
0x000007fefce30000 - 0x000007fefce77000 	C:\Windows\system32\rsaenh.dll
0x000007fefcbe0000 - 0x000007fefcbfe000 	C:\Windows\system32\USERENV.dll
0x000007fefd790000 - 0x000007fefd79f000 	C:\Windows\system32\CRYPTBASE.dll

VM Arguments:
java_command: sxun-service-gateway-1.0.jar
java_class_path (initial): sxun-service-gateway-1.0.jar
Launcher Type: SUN_STANDARD

Environment Variables:
JAVA_HOME=C:\Program Files\jdk1.8.0_77
CLASSPATH=.;C:\Program Files\jdk1.8.0_77\lib\dt.jar;C:\Program Files\jdk1.8.0_77\lib\tools.jar
PATH=C:\Program Files\jdk1.8.0_77\bin;C:\Program Files\jdk1.8.0_77\jre\bin;C:\Program Files\MySQL\MySQL Server 5.7\bin;C:\Program Files\MySQL\MySQL Utilities 1.6\;C:\Program Files\Git\cmd
USERNAME=admin
OS=Windows_NT
PROCESSOR_IDENTIFIER=Intel64 Family 6 Model 44 Stepping 2, GenuineIntel



---------------  S Y S T E M  ---------------

OS: Windows 7 , 64 bit Build 7601 (6.1.7601.17514)

CPU:total 6 (8 cores per cpu, 1 threads per core) family 6 model 44 stepping 2, cmov, cx8, fxsr, mmx, sse, sse2, sse3, ssse3, sse4.1, sse4.2, popcnt, aes, clmul, tsc

Memory: 4k page, physical 8388088k(1396292k free), swap 8386244k(5116k free)

vm_info: Java HotSpot(TM) 64-Bit Server VM (25.77-b03) for windows-amd64 JRE (1.8.0_77-b03), built on Mar 20 2016 22:01:33 by "java_re" with MS VC++ 10.0 (VS2010)

time: Sat Dec 23 10:18:39 2017
elapsed time: 910 seconds (0d 0h 15m 10s)

